2025-08-10 19:46:26,898 : INFO : root : Loading config.
2025-08-10 19:46:26,953 : INFO : ConfigProcessor : Config spec file cache created: /tmp/config_spec.mpf_cache
2025-08-10 19:46:26,953 : INFO : YamlMultifileConfigLoader : Machine config file #1: config.yaml
2025-08-10 19:46:26,954 : INFO : ConfigProcessor : Loading config from file /home/hotsoup/.pyenv/versions/3.12.8/envs/ozzy_pinball/lib/python3.12/site-packages/mpf/mpfconfig.yaml.
2025-08-10 19:46:26,966 : INFO : ConfigProcessor : Loading config: /home/hotsoup/.pyenv/versions/3.12.8/envs/ozzy_pinball/lib/python3.12/site-packages/mpf/mpfconfig.yaml
2025-08-10 19:46:26,966 : INFO : ConfigProcessor : Loading config from file /home/hotsoup/repos/pinball_soup/ozzy/config/config.yaml.
2025-08-10 19:46:26,967 : INFO : ConfigProcessor : Config file cache created: /tmp/cd56dc6f7c98dddfaf238af95674c5bf.mpf_cache
2025-08-10 19:46:27,007 : INFO : ConfigProcessor : Loading config from file /home/hotsoup/.pyenv/versions/3.12.8/envs/ozzy_pinball/lib/python3.12/site-packages/mpf/modes/attract/config/attract.yaml.
2025-08-10 19:46:27,008 : INFO : ConfigProcessor : Loading config: /home/hotsoup/.pyenv/versions/3.12.8/envs/ozzy_pinball/lib/python3.12/site-packages/mpf/modes/attract/config/attract.yaml
2025-08-10 19:46:27,009 : INFO : ConfigProcessor : Config file cache created: /tmp/09e6fd6a78969ae198866837376a2125.mpf_cache
2025-08-10 19:46:27,009 : INFO : ConfigProcessor : Loading config from file /home/hotsoup/.pyenv/versions/3.12.8/envs/ozzy_pinball/lib/python3.12/site-packages/mpf/modes/game/config/game.yaml.
2025-08-10 19:46:27,010 : INFO : ConfigProcessor : Loading config: /home/hotsoup/.pyenv/versions/3.12.8/envs/ozzy_pinball/lib/python3.12/site-packages/mpf/modes/game/config/game.yaml
2025-08-10 19:46:27,010 : INFO : ConfigProcessor : Config file cache created: /tmp/427f0b7e11e963b34c71de3627e74650.mpf_cache
2025-08-10 19:46:27,010 : INFO : Machine : Mission Pinball Framework Core Engine v0.80.0.dev9
2025-08-10 19:46:27,010 : INFO : Machine : Command line arguments: {'no_load_cache': False, 'create_config_cache': True, 'bcp': True, 'configfile': ['config.yaml'], 'force_assets_load': False, 'platform_integration_test': False, 'jsonlogging': False, 'logfile': 'logs/2025-08-10-19-46-26-mpf-fedora.log', 'pause': False, 'production': False, 'text_ui': False, 'loglevel': 15, 'consoleloglevel': 20, 'force_platform': 'virtual', 'syslog_address': None, 'full_logfile_path': '/home/hotsoup/repos/pinball_soup/ozzy/logs/2025-08-10-19-46-26-mpf-fedora.log'}
2025-08-10 19:46:27,010 : INFO : Machine : MPF path: /home/hotsoup/.pyenv/versions/3.12.8/envs/ozzy_pinball/lib/python3.12/site-packages/mpf
2025-08-10 19:46:27,010 : INFO : Machine : Machine path: /home/hotsoup/repos/pinball_soup/ozzy
2025-08-10 19:46:27,010 : INFO : Machine : Platform: linux
2025-08-10 19:46:27,010 : INFO : Machine : Python executable location: /home/hotsoup/.pyenv/versions/3.12.8/envs/ozzy_pinball/bin/python
2025-08-10 19:46:27,010 : INFO : Machine : Python version: 3.12.8 (64-bit)
2025-08-10 19:46:27,011 : INFO : Machine : Initializing MPF...
2025-08-10 19:46:27,047 : INFO : EventManager : Event: ======'machine_var_credits_string'====== Args={'value': 'FREE PLAY', 'prev_value': None, 'change': True}
2025-08-10 19:46:27,054 : INFO : EventManager : Event: ======'machine_var_master_volume'====== Args={'value': 0.5, 'prev_value': None, 'change': True}
2025-08-10 19:46:27,054 : INFO : EventManager : Event: ======'machine_var_mpf_version'====== Args={'value': 'Mission Pinball Framework v0.80.0.dev9', 'prev_value': None, 'change': True}
2025-08-10 19:46:27,054 : INFO : EventManager : Event: ======'machine_var_mpf_extended_version'====== Args={'value': 'Mission Pinball Framework v0.80.0.dev9, Config version:6, Show version: 6, BCP version:1.1', 'prev_value': None, 'change': True}
2025-08-10 19:46:27,055 : INFO : EventManager : Event: ======'machine_var_python_version'====== Args={'value': '3.12.8', 'prev_value': None, 'change': True}
2025-08-10 19:46:27,056 : INFO : EventManager : Event: ======'machine_var_platform'====== Args={'value': 'Linux-6.15.9-201.fc42.x86_64-x86_64-with-glibc2.41', 'prev_value': None, 'change': True}
2025-08-10 19:46:27,056 : INFO : EventManager : Event: ======'machine_var_platform_system'====== Args={'value': 'Linux', 'prev_value': None, 'change': True}
2025-08-10 19:46:27,056 : INFO : EventManager : Event: ======'machine_var_platform_release'====== Args={'value': '6.15.9-201.fc42.x86_64', 'prev_value': None, 'change': True}
2025-08-10 19:46:27,057 : INFO : EventManager : Event: ======'machine_var_platform_version'====== Args={'value': '#1 SMP PREEMPT_DYNAMIC Sat Aug  2 11:37:34 UTC 2025', 'prev_value': None, 'change': True}
2025-08-10 19:46:27,057 : INFO : EventManager : Event: ======'machine_var_platform_machine'====== Args={'value': 'x86_64', 'prev_value': None, 'change': True}
2025-08-10 19:46:27,057 : INFO : EventManager : Event: ======'machine_var_log_file_path'====== Args={'value': '/home/hotsoup/repos/pinball_soup/ozzy/logs/2025-08-10-19-46-26-mpf-fedora.log', 'prev_value': None, 'change': True}
2025-08-10 19:46:27,057 : INFO : EventManager : Event: ======'init_phase_1'====== Args={}
2025-08-10 19:46:27,062 : INFO : EventManager : Event: ======'init_phase_2'====== Args={}
2025-08-10 19:46:27,062 : INFO : EventManager : Event: ======'bcp_connection_attempt'====== Args={'name': 'local_display', 'host': 'localhost', 'port': 5050}
2025-08-10 19:46:27,063 : INFO : BCPClientSocket : Connecting BCP to 'local_display' at localhost:5050...
2025-08-10 19:46:27,067 : INFO : BCPClientSocket : Connected BCP to 'local_display' localhost:5050
2025-08-10 19:46:27,067 : INFO : EventManager : Event: ======'bcp_clients_connected'====== Args={}
2025-08-10 19:46:27,072 : INFO : EventManager : Event: ======'init_phase_3'====== Args={}
2025-08-10 19:46:27,074 : INFO : EventManager : Event: ======'init_phase_4'====== Args={}
2025-08-10 19:46:27,075 : INFO : EventManager : Event: ======'machine_var_audits_events_game_started'====== Args={'value': 0, 'prev_value': None, 'change': True}
2025-08-10 19:46:27,076 : INFO : EventManager : Event: ======'machine_var_audits_events_game_ended'====== Args={'value': 0, 'prev_value': None, 'change': True}
2025-08-10 19:46:27,076 : INFO : EventManager : Event: ======'machine_var_audits_player_score'====== Args={'value': {'top': [], 'average': 0, 'total': 0}, 'prev_value': None, 'change': True}
2025-08-10 19:46:27,076 : INFO : EventManager : Event: ======'init_phase_5'====== Args={}
2025-08-10 19:46:27,076 : INFO : EventManager : Event: ======'init_done'====== Args={}
2025-08-10 19:46:27,076 : INFO : EventManager : Event: ======'machine_reset_phase_1'====== Args={}
2025-08-10 19:46:27,713 : INFO : EventManager : Event: ======'machine_reset_phase_2'====== Args={}
2025-08-10 19:46:27,713 : INFO : EventManager : Event: ======'machine_reset_phase_3'====== Args={}
2025-08-10 19:46:27,713 : INFO : EventManager : Event: ======'reset_complete'====== Args={}
2025-08-10 19:46:27,713 : INFO : EventManager : Event: ======'mode_attract_will_start'====== Args={}
2025-08-10 19:46:27,714 : INFO : EventManager : Event: ======'mode_attract_starting'====== Args={}
2025-08-10 19:46:27,714 : INFO : Mode.attract : Started. Priority: 10
2025-08-10 19:46:27,714 : INFO : EventManager : Event: ======'modes_active_modes_changed'====== Args={}
2025-08-10 19:46:27,714 : INFO : EventManager : Event: ======'mode_attract_started'====== Args={}
2025-08-10 19:46:27,714 : INFO : EventManager : Event: ======'collecting_balls_complete'====== Args={}
2025-08-10 19:46:27,714 : INFO : Machine : Starting the main run loop with active modes: [<Mode.attract>]
2025-08-10 19:46:52,061 : INFO : Machine : Shutting down...
2025-08-10 19:46:52,061 : INFO : EventManager : Event: ======'shutdown'====== Args={}
2025-08-10 19:46:52,062 : INFO : root : MPF run loop ended.
