2024-10-29 21:57:24,720 : INFO : root : Loading config.
2024-10-29 21:57:24,748 : INFO : ConfigProcessor : Config spec file cache created: /tmp/config_spec.mpf_cache
2024-10-29 21:57:24,749 : INFO : YamlMultifileConfigLoader : Machine config file #1: config.yaml
2024-10-29 21:57:24,749 : INFO : ConfigProcessor : Loading config from file /home/hotsoup/.pyenv/versions/3.11.8/envs/mpfgmc3118_timewarp/lib/python3.11/site-packages/mpf/mpfconfig.yaml.
2024-10-29 21:57:24,757 : INFO : ConfigProcessor : Loading config: /home/hotsoup/.pyenv/versions/3.11.8/envs/mpfgmc3118_timewarp/lib/python3.11/site-packages/mpf/mpfconfig.yaml
2024-10-29 21:57:24,758 : INFO : ConfigProcessor : Loading config from file /home/hotsoup/repos/pinball_soup/time_warped/config/config.yaml.
2024-10-29 21:57:24,759 : INFO : ConfigProcessor : Config file cache created: /tmp/c2bf13c95cf822ee7aaa93eae13f667f.mpf_cache
2024-10-29 21:57:24,787 : INFO : ConfigProcessor : Loading config from file /home/hotsoup/.pyenv/versions/3.11.8/envs/mpfgmc3118_timewarp/lib/python3.11/site-packages/mpf/modes/attract/config/attract.yaml.
2024-10-29 21:57:24,787 : INFO : ConfigProcessor : Loading config: /home/hotsoup/.pyenv/versions/3.11.8/envs/mpfgmc3118_timewarp/lib/python3.11/site-packages/mpf/modes/attract/config/attract.yaml
2024-10-29 21:57:24,787 : INFO : ConfigProcessor : Config file cache created: /tmp/0d5c9ca71161b56a885adf25946c724b.mpf_cache
2024-10-29 21:57:24,787 : INFO : ConfigProcessor : Loading config from file /home/hotsoup/.pyenv/versions/3.11.8/envs/mpfgmc3118_timewarp/lib/python3.11/site-packages/mpf/modes/game/config/game.yaml.
2024-10-29 21:57:24,788 : INFO : ConfigProcessor : Loading config: /home/hotsoup/.pyenv/versions/3.11.8/envs/mpfgmc3118_timewarp/lib/python3.11/site-packages/mpf/modes/game/config/game.yaml
2024-10-29 21:57:24,788 : INFO : ConfigProcessor : Config file cache created: /tmp/2f00b6be427871618ba0313529ced592.mpf_cache
2024-10-29 21:57:24,788 : INFO : Machine : Mission Pinball Framework Core Engine v0.80.0.dev5
2024-10-29 21:57:24,788 : INFO : Machine : Command line arguments: {'no_load_cache': False, 'create_config_cache': True, 'bcp': True, 'configfile': ['config.yaml'], 'force_assets_load': False, 'platform_integration_test': False, 'jsonlogging': False, 'logfile': 'logs/2024-10-29-21-57-24-mpf-fedora.log', 'pause': False, 'production': False, 'text_ui': False, 'loglevel': 15, 'consoleloglevel': 20, 'force_platform': 'virtual', 'syslog_address': None, 'full_logfile_path': '/home/hotsoup/repos/pinball_soup/time_warped/logs/2024-10-29-21-57-24-mpf-fedora.log'}
2024-10-29 21:57:24,788 : INFO : Machine : MPF path: /home/hotsoup/.pyenv/versions/3.11.8/envs/mpfgmc3118_timewarp/lib/python3.11/site-packages/mpf
2024-10-29 21:57:24,788 : INFO : Machine : Machine path: /home/hotsoup/repos/pinball_soup/time_warped
2024-10-29 21:57:24,788 : INFO : Machine : Platform: linux
2024-10-29 21:57:24,788 : INFO : Machine : Python executable location: /home/hotsoup/.pyenv/versions/3.11.8/envs/mpfgmc3118_timewarp/bin/python
2024-10-29 21:57:24,788 : INFO : Machine : Python version: 3.11.8 (64-bit)
2024-10-29 21:57:24,789 : INFO : Machine : Initializing MPF...
2024-10-29 21:57:24,819 : INFO : EventManager : Event: ======'machine_var_credits_string'====== Args={'value': 'FREE PLAY', 'prev_value': None, 'change': True}
2024-10-29 21:57:24,823 : INFO : EventManager : Event: ======'machine_var_master_volume'====== Args={'value': 0.5, 'prev_value': None, 'change': True}
2024-10-29 21:57:24,823 : INFO : EventManager : Event: ======'machine_var_mpf_version'====== Args={'value': 'Mission Pinball Framework v0.80.0.dev5', 'prev_value': None, 'change': True}
2024-10-29 21:57:24,823 : INFO : EventManager : Event: ======'machine_var_mpf_extended_version'====== Args={'value': 'Mission Pinball Framework v0.80.0.dev5, Config version:6, Show version: 6, BCP version:1.1', 'prev_value': None, 'change': True}
2024-10-29 21:57:24,823 : INFO : EventManager : Event: ======'machine_var_python_version'====== Args={'value': '3.11.8', 'prev_value': None, 'change': True}
2024-10-29 21:57:24,824 : INFO : EventManager : Event: ======'machine_var_platform'====== Args={'value': 'Linux-6.11.5-300.fc41.x86_64-x86_64-with-glibc2.40', 'prev_value': None, 'change': True}
2024-10-29 21:57:24,824 : INFO : EventManager : Event: ======'machine_var_platform_system'====== Args={'value': 'Linux', 'prev_value': None, 'change': True}
2024-10-29 21:57:24,824 : INFO : EventManager : Event: ======'machine_var_platform_release'====== Args={'value': '6.11.5-300.fc41.x86_64', 'prev_value': None, 'change': True}
2024-10-29 21:57:24,824 : INFO : EventManager : Event: ======'machine_var_platform_version'====== Args={'value': '#1 SMP PREEMPT_DYNAMIC Tue Oct 22 20:11:15 UTC 2024', 'prev_value': None, 'change': True}
2024-10-29 21:57:24,824 : INFO : EventManager : Event: ======'machine_var_platform_machine'====== Args={'value': 'x86_64', 'prev_value': None, 'change': True}
2024-10-29 21:57:24,824 : INFO : EventManager : Event: ======'machine_var_log_file_path'====== Args={'value': '/home/hotsoup/repos/pinball_soup/time_warped/logs/2024-10-29-21-57-24-mpf-fedora.log', 'prev_value': None, 'change': True}
2024-10-29 21:57:24,824 : INFO : EventManager : Event: ======'init_phase_1'====== Args={}
2024-10-29 21:57:24,828 : INFO : EventManager : Event: ======'init_phase_2'====== Args={}
2024-10-29 21:57:24,828 : INFO : EventManager : Event: ======'bcp_connection_attempt'====== Args={'name': 'local_display', 'host': 'localhost', 'port': 5050}
2024-10-29 21:57:24,828 : INFO : BCPClientSocket : Connecting BCP to 'local_display' at localhost:5050...
2024-10-29 21:57:24,831 : INFO : BCPClientSocket : Connected BCP to 'local_display' localhost:5050
2024-10-29 21:57:24,831 : INFO : EventManager : Event: ======'bcp_clients_connected'====== Args={}
2024-10-29 21:57:24,833 : INFO : EventManager : Event: ======'init_phase_3'====== Args={}
2024-10-29 21:57:24,834 : INFO : EventManager : Event: ======'init_phase_4'====== Args={}
2024-10-29 21:57:24,834 : INFO : EventManager : Event: ======'machine_var_audits_events_game_started'====== Args={'value': 0, 'prev_value': None, 'change': True}
2024-10-29 21:57:24,834 : INFO : EventManager : Event: ======'machine_var_audits_events_game_ended'====== Args={'value': 0, 'prev_value': None, 'change': True}
2024-10-29 21:57:24,834 : INFO : EventManager : Event: ======'machine_var_audits_player_score'====== Args={'value': {'top': [], 'average': 0, 'total': 0}, 'prev_value': None, 'change': True}
2024-10-29 21:57:24,834 : INFO : EventManager : Event: ======'init_phase_5'====== Args={}
2024-10-29 21:57:24,834 : INFO : EventManager : Event: ======'init_done'====== Args={}
2024-10-29 21:57:24,834 : INFO : EventManager : Event: ======'machine_reset_phase_1'====== Args={}
2024-10-29 21:57:25,185 : INFO : EventManager : Event: ======'machine_reset_phase_2'====== Args={}
2024-10-29 21:57:25,185 : INFO : EventManager : Event: ======'machine_reset_phase_3'====== Args={}
2024-10-29 21:57:25,185 : INFO : EventManager : Event: ======'reset_complete'====== Args={}
2024-10-29 21:57:25,185 : INFO : EventManager : Event: ======'mode_attract_will_start'====== Args={}
2024-10-29 21:57:25,186 : INFO : EventManager : Event: ======'mode_attract_starting'====== Args={}
2024-10-29 21:57:25,186 : INFO : Mode.attract : Started. Priority: 10
2024-10-29 21:57:25,186 : INFO : EventManager : Event: ======'modes_active_modes_changed'====== Args={}
2024-10-29 21:57:25,186 : INFO : EventManager : Event: ======'mode_attract_started'====== Args={}
2024-10-29 21:57:25,187 : INFO : EventManager : Event: ======'collecting_balls_complete'====== Args={}
2024-10-29 21:57:25,187 : INFO : Machine : Starting the main run loop with active modes: [<Mode.attract>]
2024-10-29 22:42:44,704 : INFO : Machine : Shutting down...
2024-10-29 22:42:44,704 : INFO : EventManager : Event: ======'shutdown'====== Args={}
2024-10-29 22:42:44,705 : INFO : root : MPF run loop ended.
