2024-10-29 22:50:55,244 : INFO : root : Loading config.
2024-10-29 22:50:55,245 : INFO : YamlMultifileConfigLoader : Machine config file #1: config.yaml
2024-10-29 22:50:55,245 : INFO : ConfigProcessor : Loading config from cache: /tmp/c2bf13c95cf822ee7aaa93eae13f667f.mpf_cache
2024-10-29 22:50:55,269 : INFO : ConfigProcessor : Loading config from file /home/hotsoup/.pyenv/versions/3.11.8/envs/mpfgmc3118_timewarp/lib/python3.11/site-packages/mpf/modes/attract/config/attract.yaml.
2024-10-29 22:50:55,270 : INFO : ConfigProcessor : Loading config: /home/hotsoup/.pyenv/versions/3.11.8/envs/mpfgmc3118_timewarp/lib/python3.11/site-packages/mpf/modes/attract/config/attract.yaml
2024-10-29 22:50:55,270 : INFO : ConfigProcessor : Loading config from file /home/hotsoup/repos/pinball_soup/time_warped/modes/attract/config/attract.yaml.
2024-10-29 22:50:55,270 : INFO : ConfigProcessor : Loading config: /home/hotsoup/repos/pinball_soup/time_warped/modes/attract/config/attract.yaml
2024-10-29 22:50:55,270 : INFO : ConfigProcessor : Config file cache created: /tmp/f194ff9e21e9679e7f1c8a8b0b740890.mpf_cache
2024-10-29 22:50:55,270 : INFO : ConfigProcessor : Loading config from cache: /tmp/2f00b6be427871618ba0313529ced592.mpf_cache
2024-10-29 22:50:55,270 : INFO : Machine : Mission Pinball Framework Core Engine v0.80.0.dev5
2024-10-29 22:50:55,270 : INFO : Machine : Command line arguments: {'no_load_cache': False, 'create_config_cache': True, 'bcp': True, 'configfile': ['config.yaml'], 'force_assets_load': False, 'platform_integration_test': False, 'jsonlogging': False, 'logfile': 'logs/2024-10-29-22-50-55-mpf-fedora.log', 'pause': False, 'production': False, 'text_ui': False, 'loglevel': 15, 'consoleloglevel': 20, 'force_platform': 'virtual', 'syslog_address': None, 'full_logfile_path': '/home/hotsoup/repos/pinball_soup/time_warped/logs/2024-10-29-22-50-55-mpf-fedora.log'}
2024-10-29 22:50:55,270 : INFO : Machine : MPF path: /home/hotsoup/.pyenv/versions/3.11.8/envs/mpfgmc3118_timewarp/lib/python3.11/site-packages/mpf
2024-10-29 22:50:55,270 : INFO : Machine : Machine path: /home/hotsoup/repos/pinball_soup/time_warped
2024-10-29 22:50:55,270 : INFO : Machine : Platform: linux
2024-10-29 22:50:55,271 : INFO : Machine : Python executable location: /home/hotsoup/.pyenv/versions/3.11.8/envs/mpfgmc3118_timewarp/bin/python
2024-10-29 22:50:55,271 : INFO : Machine : Python version: 3.11.8 (64-bit)
2024-10-29 22:50:55,271 : INFO : Machine : Initializing MPF...
2024-10-29 22:50:55,288 : INFO : EventManager : Event: ======'machine_var_credits_string'====== Args={'value': 'FREE PLAY', 'prev_value': None, 'change': True}
2024-10-29 22:50:55,294 : INFO : EventManager : Event: ======'machine_var_master_volume'====== Args={'value': 0.5, 'prev_value': None, 'change': True}
2024-10-29 22:50:55,294 : INFO : EventManager : Event: ======'machine_var_mpf_version'====== Args={'value': 'Mission Pinball Framework v0.80.0.dev5', 'prev_value': None, 'change': True}
2024-10-29 22:50:55,294 : INFO : EventManager : Event: ======'machine_var_mpf_extended_version'====== Args={'value': 'Mission Pinball Framework v0.80.0.dev5, Config version:6, Show version: 6, BCP version:1.1', 'prev_value': None, 'change': True}
2024-10-29 22:50:55,294 : INFO : EventManager : Event: ======'machine_var_python_version'====== Args={'value': '3.11.8', 'prev_value': None, 'change': True}
2024-10-29 22:50:55,295 : INFO : EventManager : Event: ======'machine_var_platform'====== Args={'value': 'Linux-6.11.5-300.fc41.x86_64-x86_64-with-glibc2.40', 'prev_value': None, 'change': True}
2024-10-29 22:50:55,295 : INFO : EventManager : Event: ======'machine_var_platform_system'====== Args={'value': 'Linux', 'prev_value': None, 'change': True}
2024-10-29 22:50:55,295 : INFO : EventManager : Event: ======'machine_var_platform_release'====== Args={'value': '6.11.5-300.fc41.x86_64', 'prev_value': None, 'change': True}
2024-10-29 22:50:55,295 : INFO : EventManager : Event: ======'machine_var_platform_version'====== Args={'value': '#1 SMP PREEMPT_DYNAMIC Tue Oct 22 20:11:15 UTC 2024', 'prev_value': None, 'change': True}
2024-10-29 22:50:55,295 : INFO : EventManager : Event: ======'machine_var_platform_machine'====== Args={'value': 'x86_64', 'prev_value': None, 'change': True}
2024-10-29 22:50:55,295 : INFO : EventManager : Event: ======'machine_var_log_file_path'====== Args={'value': '/home/hotsoup/repos/pinball_soup/time_warped/logs/2024-10-29-22-50-55-mpf-fedora.log', 'prev_value': None, 'change': True}
2024-10-29 22:50:55,295 : INFO : EventManager : Event: ======'init_phase_1'====== Args={}
2024-10-29 22:50:55,298 : INFO : EventManager : Event: ======'init_phase_2'====== Args={}
2024-10-29 22:50:55,298 : INFO : EventManager : Event: ======'bcp_connection_attempt'====== Args={'name': 'local_display', 'host': 'localhost', 'port': 5050}
2024-10-29 22:50:55,299 : INFO : BCPClientSocket : Connecting BCP to 'local_display' at localhost:5050...
2024-10-29 22:50:55,300 : INFO : BCPClientSocket : Connected BCP to 'local_display' localhost:5050
2024-10-29 22:50:55,300 : INFO : EventManager : Event: ======'bcp_clients_connected'====== Args={}
2024-10-29 22:50:55,302 : INFO : EventManager : Event: ======'init_phase_3'====== Args={}
2024-10-29 22:50:55,303 : INFO : EventManager : Event: ======'init_phase_4'====== Args={}
2024-10-29 22:50:55,304 : INFO : EventManager : Event: ======'machine_var_audits_events_game_started'====== Args={'value': 0, 'prev_value': None, 'change': True}
2024-10-29 22:50:55,304 : INFO : EventManager : Event: ======'machine_var_audits_events_game_ended'====== Args={'value': 0, 'prev_value': None, 'change': True}
2024-10-29 22:50:55,304 : INFO : EventManager : Event: ======'machine_var_audits_player_score'====== Args={'value': {'top': [], 'average': 0, 'total': 0}, 'prev_value': None, 'change': True}
2024-10-29 22:50:55,304 : INFO : EventManager : Event: ======'init_phase_5'====== Args={}
2024-10-29 22:50:55,304 : INFO : EventManager : Event: ======'init_done'====== Args={}
2024-10-29 22:50:55,304 : INFO : EventManager : Event: ======'machine_reset_phase_1'====== Args={}
2024-10-29 22:50:55,745 : INFO : EventManager : Event: ======'machine_reset_phase_2'====== Args={}
2024-10-29 22:50:55,745 : INFO : EventManager : Event: ======'machine_reset_phase_3'====== Args={}
2024-10-29 22:50:55,745 : INFO : EventManager : Event: ======'reset_complete'====== Args={}
2024-10-29 22:50:55,745 : INFO : EventManager : Event: ======'mode_attract_will_start'====== Args={}
2024-10-29 22:50:55,746 : INFO : EventManager : Event: ======'mode_attract_starting'====== Args={}
2024-10-29 22:50:55,746 : INFO : Mode.attract : Started. Priority: 10
2024-10-29 22:50:55,747 : INFO : EventManager : Event: ======'modes_active_modes_changed'====== Args={}
2024-10-29 22:50:55,747 : INFO : EventManager : Event: ======'mode_attract_started'====== Args={}
2024-10-29 22:50:55,748 : INFO : EventManager : Event: ======'collecting_balls_complete'====== Args={}
2024-10-29 22:50:55,748 : INFO : Machine : Starting the main run loop with active modes: [<Mode.attract>]
2024-10-29 22:50:56,753 : INFO : EventManager : Event: ======'slide_attract_created'====== Args={'_from_bcp': True}
2024-10-29 22:50:56,793 : INFO : EventManager : Event: ======'slide__removed'====== Args={'_from_bcp': True}
2024-10-29 22:50:56,794 : INFO : EventManager : Event: ======'slide_attract_active'====== Args={'original_context': 'attract', 'original_calling_context': 'mode_attract_started', 'cmd': 'slides_play', '_from_bcp': True}
2024-10-29 22:52:06,009 : INFO : Machine : Shutting down...
2024-10-29 22:52:06,010 : INFO : EventManager : Event: ======'shutdown'====== Args={}
2024-10-29 22:52:06,011 : INFO : root : MPF run loop ended.
