2024-10-20 12:58:39,448 : INFO : root : Loading config.
2024-10-20 12:58:39,449 : INFO : YamlMultifileConfigLoader : Machine config file #1: config.yaml
2024-10-20 12:58:39,449 : INFO : ConfigProcessor : Loading config from cache: /tmp/d88dd11818c005e668d62e779db9cd76.mpf_cache
2024-10-20 12:58:39,470 : INFO : ConfigProcessor : Loading config from cache: /tmp/e71ad4b9eb9610ed1108bd160276de7b.mpf_cache
2024-10-20 12:58:39,470 : INFO : ConfigProcessor : Loading config from cache: /tmp/9ccd3fff6d5e48c64ab1db6abef8135e.mpf_cache
2024-10-20 12:58:39,470 : INFO : Machine : Mission Pinball Framework Core Engine v0.80.0.dev4
2024-10-20 12:58:39,470 : INFO : Machine : Command line arguments: {'no_load_cache': False, 'create_config_cache': True, 'bcp': True, 'configfile': ['config.yaml'], 'force_assets_load': False, 'platform_integration_test': False, 'jsonlogging': False, 'logfile': 'logs/2024-10-20-12-58-39-mpf-fedora.log', 'pause': False, 'production': False, 'text_ui': True, 'loglevel': 15, 'consoleloglevel': 20, 'force_platform': None, 'syslog_address': None, 'mc_file_name': None, 'no_sound': False, 'full_logfile_path': '/home/hotsoup/repos/pinball_soup/time_warp_old/logs/2024-10-20-12-58-39-mpf-fedora.log'}
2024-10-20 12:58:39,470 : INFO : Machine : MPF path: /home/hotsoup/.pyenv/versions/3.9.12/envs/mpf3912/lib/python3.9/site-packages/mpf
2024-10-20 12:58:39,470 : INFO : Machine : Machine path: /home/hotsoup/repos/pinball_soup/time_warp_old
2024-10-20 12:58:39,471 : INFO : Machine : Platform: linux
2024-10-20 12:58:39,471 : INFO : Machine : Python executable location: /home/hotsoup/.pyenv/versions/3.9.12/envs/mpf3912/bin/python
2024-10-20 12:58:39,471 : INFO : Machine : Python version: 3.9.12 (64-bit)
2024-10-20 12:58:39,471 : INFO : Machine : Initializing MPF...
2024-10-20 12:58:39,497 : INFO : EventManager : Event: ======'machine_var_credits_string'====== Args={'value': 'FREE PLAY', 'prev_value': None, 'change': True}
2024-10-20 12:58:39,502 : INFO : EventManager : Event: ======'machine_var_master_volume'====== Args={'value': 0.5, 'prev_value': None, 'change': True}
2024-10-20 12:58:39,502 : INFO : EventManager : Event: ======'machine_var_mpf_version'====== Args={'value': 'Mission Pinball Framework v0.80.0.dev4', 'prev_value': None, 'change': True}
2024-10-20 12:58:39,502 : INFO : EventManager : Event: ======'machine_var_mpf_extended_version'====== Args={'value': 'Mission Pinball Framework v0.80.0.dev4, Config version:6, Show version: 6, BCP version:1.1', 'prev_value': None, 'change': True}
2024-10-20 12:58:39,502 : INFO : EventManager : Event: ======'machine_var_python_version'====== Args={'value': '3.9.12', 'prev_value': None, 'change': True}
2024-10-20 12:58:39,504 : INFO : EventManager : Event: ======'machine_var_platform'====== Args={'value': 'Linux-6.11.3-200.fc40.x86_64-x86_64-with-glibc2.39', 'prev_value': None, 'change': True}
2024-10-20 12:58:39,505 : INFO : EventManager : Event: ======'machine_var_platform_system'====== Args={'value': 'Linux', 'prev_value': None, 'change': True}
2024-10-20 12:58:39,505 : INFO : EventManager : Event: ======'machine_var_platform_release'====== Args={'value': '6.11.3-200.fc40.x86_64', 'prev_value': None, 'change': True}
2024-10-20 12:58:39,505 : INFO : EventManager : Event: ======'machine_var_platform_version'====== Args={'value': '#1 SMP PREEMPT_DYNAMIC Thu Oct 10 22:31:19 UTC 2024', 'prev_value': None, 'change': True}
2024-10-20 12:58:39,505 : INFO : EventManager : Event: ======'machine_var_platform_machine'====== Args={'value': 'x86_64', 'prev_value': None, 'change': True}
2024-10-20 12:58:39,505 : INFO : EventManager : Event: ======'machine_var_log_file_path'====== Args={'value': '/home/hotsoup/repos/pinball_soup/time_warp_old/logs/2024-10-20-12-58-39-mpf-fedora.log', 'prev_value': None, 'change': True}
2024-10-20 12:58:39,505 : INFO : EventManager : Event: ======'init_phase_1'====== Args={}
2024-10-20 12:58:39,509 : INFO : EventManager : Event: ======'init_phase_2'====== Args={}
2024-10-20 12:58:39,511 : INFO : EventManager : Event: ======'bcp_connection_attempt'====== Args={'name': 'local_display', 'host': 'localhost', 'port': 5050}
2024-10-20 12:58:39,511 : INFO : BCPClientSocket : Connecting BCP to 'local_display' at localhost:5050...
2024-10-20 12:58:55,477 : INFO : Machine : Starting the main run loop.
2024-10-20 12:58:55,478 : INFO : Machine : Shutting down...
2024-10-20 12:58:55,478 : INFO : EventManager : Event: ======'shutdown'====== Args={}
2024-10-20 12:58:56,480 : INFO : root : MPF run loop ended.
