2025-12-31 16:02:53,814 : INFO : root : Loading config.
2025-12-31 16:02:53,815 : INFO : YamlMultifileConfigLoader : Machine config file #1: config.yaml
2025-12-31 16:02:53,815 : WARNING : ConfigProcessor : Config file in cache changed: /home/hotsoup/repos/pinball-soup/ozzfest/config/config.yaml
2025-12-31 16:02:53,815 : INFO : ConfigProcessor : Loading config from file /home/hotsoup/.pyenv/versions/3.12.8/envs/ozzfest/lib/python3.12/site-packages/mpf/mpfconfig.yaml.
2025-12-31 16:02:53,826 : INFO : ConfigProcessor : Loading config: /home/hotsoup/.pyenv/versions/3.12.8/envs/ozzfest/lib/python3.12/site-packages/mpf/mpfconfig.yaml
2025-12-31 16:02:53,826 : INFO : ConfigProcessor : Loading config from file /home/hotsoup/repos/pinball-soup/ozzfest/config/config.yaml.
2025-12-31 16:02:53,837 : INFO : ConfigProcessor : Loading config: /home/hotsoup/repos/pinball-soup/ozzfest/config/config.yaml
2025-12-31 16:02:53,839 : INFO : ConfigProcessor : Config file cache created: /tmp/5527cdf0eba21cb5b62cdbf1412f48ab.mpf_cache
2025-12-31 16:02:53,871 : INFO : ConfigProcessor : Loading config from cache: /tmp/ba195dfdf1ea05015ec0aa565015d157.mpf_cache
2025-12-31 16:02:53,871 : INFO : ConfigProcessor : Loading config from cache: /tmp/f57f0537fdc7805225abf9c1a1ee119c.mpf_cache
2025-12-31 16:02:53,872 : INFO : ConfigProcessor : Loading config from cache: /tmp/ba195dfdf1ea05015ec0aa565015d157.mpf_cache
2025-12-31 16:02:53,872 : INFO : ConfigProcessor : Loading config from cache: /tmp/ac54eaf53dec484b1f36e96223ff75e9.mpf_cache
2025-12-31 16:02:53,872 : INFO : Machine : Mission Pinball Framework Core Engine v0.80.0.dev11
2025-12-31 16:02:53,872 : INFO : Machine : Command line arguments: {'no_load_cache': False, 'create_config_cache': True, 'bcp': True, 'configfile': ['config.yaml'], 'force_assets_load': False, 'platform_integration_test': False, 'jsonlogging': False, 'logfile': 'logs/2025-12-31-16-02-53-mpf-fedora.log', 'pause': False, 'production': False, 'text_ui': True, 'loglevel': 15, 'consoleloglevel': 20, 'force_platform': 'smart_virtual', 'syslog_address': None, 'full_logfile_path': '/home/hotsoup/repos/pinball-soup/ozzfest/logs/2025-12-31-16-02-53-mpf-fedora.log'}
2025-12-31 16:02:53,872 : INFO : Machine : MPF path: /home/hotsoup/.pyenv/versions/3.12.8/envs/ozzfest/lib/python3.12/site-packages/mpf
2025-12-31 16:02:53,872 : INFO : Machine : Machine path: /home/hotsoup/repos/pinball-soup/ozzfest
2025-12-31 16:02:53,872 : INFO : Machine : Platform: linux
2025-12-31 16:02:53,872 : INFO : Machine : Python executable location: /home/hotsoup/.pyenv/versions/3.12.8/envs/ozzfest/bin/python
2025-12-31 16:02:53,872 : INFO : Machine : Python version: 3.12.8 (64-bit)
2025-12-31 16:02:53,873 : INFO : Machine : Initializing MPF...
2025-12-31 16:02:53,904 : INFO : EventManager : Event: ======'machine_var_credits_string'====== Args={'value': 'FREE PLAY', 'prev_value': None, 'change': True}
2025-12-31 16:02:53,909 : INFO : EventManager : Event: ======'machine_var_master_volume'====== Args={'value': 0.5, 'prev_value': None, 'change': True}
2025-12-31 16:02:53,910 : INFO : EventManager : Event: ======'machine_var_mpf_version'====== Args={'value': 'Mission Pinball Framework v0.80.0.dev11', 'prev_value': None, 'change': True}
2025-12-31 16:02:53,910 : INFO : EventManager : Event: ======'machine_var_mpf_extended_version'====== Args={'value': 'Mission Pinball Framework v0.80.0.dev11, Config version:6, Show version: 6, BCP version:1.1', 'prev_value': None, 'change': True}
2025-12-31 16:02:53,910 : INFO : EventManager : Event: ======'machine_var_python_version'====== Args={'value': '3.12.8', 'prev_value': None, 'change': True}
2025-12-31 16:02:53,911 : INFO : EventManager : Event: ======'machine_var_platform'====== Args={'value': 'Linux-6.17.12-300.fc43.x86_64-x86_64-with-glibc2.42', 'prev_value': None, 'change': True}
2025-12-31 16:02:53,911 : INFO : EventManager : Event: ======'machine_var_platform_system'====== Args={'value': 'Linux', 'prev_value': None, 'change': True}
2025-12-31 16:02:53,911 : INFO : EventManager : Event: ======'machine_var_platform_release'====== Args={'value': '6.17.12-300.fc43.x86_64', 'prev_value': None, 'change': True}
2025-12-31 16:02:53,911 : INFO : EventManager : Event: ======'machine_var_platform_version'====== Args={'value': '#1 SMP PREEMPT_DYNAMIC Sat Dec 13 05:06:24 UTC 2025', 'prev_value': None, 'change': True}
2025-12-31 16:02:53,911 : INFO : EventManager : Event: ======'machine_var_platform_machine'====== Args={'value': 'x86_64', 'prev_value': None, 'change': True}
2025-12-31 16:02:53,911 : INFO : EventManager : Event: ======'machine_var_log_file_path'====== Args={'value': '/home/hotsoup/repos/pinball-soup/ozzfest/logs/2025-12-31-16-02-53-mpf-fedora.log', 'prev_value': None, 'change': True}
2025-12-31 16:02:53,911 : INFO : EventManager : Event: ======'init_phase_1'====== Args={}
2025-12-31 16:02:53,924 : INFO : EventManager : Event: ======'init_phase_2'====== Args={}
2025-12-31 16:02:53,925 : ERROR : asyncio : Task exception was never retrieved
future: <Task finished name='Task-173' coro=<BallDevice._initialize_async() done, defined at /home/hotsoup/.pyenv/versions/3.12.8/envs/ozzfest/lib/python3.12/site-packages/mpf/devices/ball_device/ball_device.py:196> exception=ConfigFileError('Cannot use capacity and ball switches.')>
Traceback (most recent call last):
  File "/home/hotsoup/.pyenv/versions/3.12.8/envs/ozzfest/lib/python3.12/site-packages/mpf/devices/ball_device/ball_device.py", line 198, in _initialize_async
    await self.ball_count_handler.initialize()
  File "/home/hotsoup/.pyenv/versions/3.12.8/envs/ozzfest/lib/python3.12/site-packages/mpf/devices/ball_device/ball_count_handler.py", line 92, in initialize
    self.counter = counter_class(self.ball_device, self.ball_device.config.get("counter", {}))
                   ^^^^^^^^^^^^^^^^^^^^^^^^^^^^^^^^^^^^^^^^^^^^^^^^^^^^^^^^^^^^^^^^^^^^^^^^^^^
  File "/home/hotsoup/.pyenv/versions/3.12.8/envs/ozzfest/lib/python3.12/site-packages/mpf/devices/ball_device/switch_counter.py", line 90, in __init__
    self.ball_device.raise_config_error("Cannot use capacity and ball switches.", 3)
  File "/home/hotsoup/.pyenv/versions/3.12.8/envs/ozzfest/lib/python3.12/site-packages/mpf/core/logging.py", line 175, in raise_config_error
    raise ConfigFileError(msg, error_no, self.log.name if self.log else "", context, self._url_base) \
mpf.exceptions.config_file_error.ConfigFileError: Config File Error in ball_device.trough: Cannot use capacity and ball switches. Error Code: CFE-ball_device-3 (https://missionpinball.org/logs)
2025-12-31 16:02:53,926 : ERROR : asyncio : Task exception was never retrieved
future: <Task finished name='Task-175' coro=<BallDevice._initialize_async() done, defined at /home/hotsoup/.pyenv/versions/3.12.8/envs/ozzfest/lib/python3.12/site-packages/mpf/devices/ball_device/ball_device.py:196> exception=ConfigFileError('Cannot use capacity and ball switches.')>
Traceback (most recent call last):
  File "/home/hotsoup/.pyenv/versions/3.12.8/envs/ozzfest/lib/python3.12/site-packages/mpf/devices/ball_device/ball_device.py", line 198, in _initialize_async
    await self.ball_count_handler.initialize()
  File "/home/hotsoup/.pyenv/versions/3.12.8/envs/ozzfest/lib/python3.12/site-packages/mpf/devices/ball_device/ball_count_handler.py", line 92, in initialize
    self.counter = counter_class(self.ball_device, self.ball_device.config.get("counter", {}))
                   ^^^^^^^^^^^^^^^^^^^^^^^^^^^^^^^^^^^^^^^^^^^^^^^^^^^^^^^^^^^^^^^^^^^^^^^^^^^
  File "/home/hotsoup/.pyenv/versions/3.12.8/envs/ozzfest/lib/python3.12/site-packages/mpf/devices/ball_device/switch_counter.py", line 90, in __init__
    self.ball_device.raise_config_error("Cannot use capacity and ball switches.", 3)
  File "/home/hotsoup/.pyenv/versions/3.12.8/envs/ozzfest/lib/python3.12/site-packages/mpf/core/logging.py", line 175, in raise_config_error
    raise ConfigFileError(msg, error_no, self.log.name if self.log else "", context, self._url_base) \
mpf.exceptions.config_file_error.ConfigFileError: Config File Error in ball_device.shooter_lane: Cannot use capacity and ball switches. Error Code: CFE-ball_device-3 (https://missionpinball.org/logs)
2025-12-31 16:02:53,927 : INFO : Machine : Starting the main run loop with active modes: []
2025-12-31 16:02:53,927 : WARNING : Machine : Attract mode is not active, game will not be playable. Please check your attract mode configuration.
2025-12-31 16:02:53,927 : INFO : Machine : Shutting down...
2025-12-31 16:02:53,927 : INFO : EventManager : Event: ======'shutdown'====== Args={}
2025-12-31 16:02:54,928 : ERROR : Machine : Runtime Exception
Traceback (most recent call last):
  File "/home/hotsoup/.pyenv/versions/3.12.8/envs/ozzfest/lib/python3.12/site-packages/mpf/core/machine.py", line 810, in _run_loop
    raise self._exception['exception']
  File "/home/hotsoup/.pyenv/versions/3.12.8/envs/ozzfest/lib/python3.12/site-packages/mpf/devices/ball_device/ball_device.py", line 198, in _initialize_async
    await self.ball_count_handler.initialize()
  File "/home/hotsoup/.pyenv/versions/3.12.8/envs/ozzfest/lib/python3.12/site-packages/mpf/devices/ball_device/ball_count_handler.py", line 92, in initialize
    self.counter = counter_class(self.ball_device, self.ball_device.config.get("counter", {}))
                   ^^^^^^^^^^^^^^^^^^^^^^^^^^^^^^^^^^^^^^^^^^^^^^^^^^^^^^^^^^^^^^^^^^^^^^^^^^^
  File "/home/hotsoup/.pyenv/versions/3.12.8/envs/ozzfest/lib/python3.12/site-packages/mpf/devices/ball_device/switch_counter.py", line 90, in __init__
    self.ball_device.raise_config_error("Cannot use capacity and ball switches.", 3)
  File "/home/hotsoup/.pyenv/versions/3.12.8/envs/ozzfest/lib/python3.12/site-packages/mpf/core/logging.py", line 175, in raise_config_error
    raise ConfigFileError(msg, error_no, self.log.name if self.log else "", context, self._url_base) \
mpf.exceptions.config_file_error.ConfigFileError: Config File Error in ball_device.trough: Cannot use capacity and ball switches. Error Code: CFE-ball_device-3 (https://missionpinball.org/logs)
2025-12-31 16:02:54,930 : INFO : root : MPF run loop ended.
