2025-12-31 16:42:56,226 : INFO : root : Loading config.
2025-12-31 16:42:56,227 : INFO : YamlMultifileConfigLoader : Machine config file #1: config.yaml
2025-12-31 16:42:56,228 : INFO : ConfigProcessor : Loading config from cache: /tmp/5527cdf0eba21cb5b62cdbf1412f48ab.mpf_cache
2025-12-31 16:42:56,252 : DEBUG : YamlMultifileConfigLoader : Loading mode attract from /home/hotsoup/.pyenv/versions/3.12.8/envs/ozzfest/lib/python3.12/site-packages/mpf/modes/attract/config/attract.yaml
2025-12-31 16:42:56,252 : DEBUG : YamlMultifileConfigLoader : Loading mode attract from /home/hotsoup/.pyenv/versions/3.12.8/envs/ozzfest/lib/python3.12/site-packages/mpf/modes/attract/config/attract.yaml
2025-12-31 16:42:56,252 : INFO : ConfigProcessor : Loading config from cache: /tmp/ba195dfdf1ea05015ec0aa565015d157.mpf_cache
2025-12-31 16:42:56,252 : DEBUG : YamlMultifileConfigLoader : Loading mode game from /home/hotsoup/.pyenv/versions/3.12.8/envs/ozzfest/lib/python3.12/site-packages/mpf/modes/game/config/game.yaml
2025-12-31 16:42:56,252 : INFO : ConfigProcessor : Loading config from cache: /tmp/f57f0537fdc7805225abf9c1a1ee119c.mpf_cache
2025-12-31 16:42:56,252 : DEBUG : YamlMultifileConfigLoader : Loading mode attract from /home/hotsoup/.pyenv/versions/3.12.8/envs/ozzfest/lib/python3.12/site-packages/mpf/modes/attract/config/attract.yaml
2025-12-31 16:42:56,252 : DEBUG : YamlMultifileConfigLoader : Loading mode attract from /home/hotsoup/.pyenv/versions/3.12.8/envs/ozzfest/lib/python3.12/site-packages/mpf/modes/attract/config/attract.yaml
2025-12-31 16:42:56,252 : INFO : ConfigProcessor : Loading config from cache: /tmp/ba195dfdf1ea05015ec0aa565015d157.mpf_cache
2025-12-31 16:42:56,253 : DEBUG : YamlMultifileConfigLoader : Loading mode base from /home/hotsoup/.pyenv/versions/3.12.8/envs/ozzfest/lib/python3.12/site-packages/mpf/modes/base/config/base.yaml
2025-12-31 16:42:56,253 : INFO : ConfigProcessor : Loading config from cache: /tmp/ac54eaf53dec484b1f36e96223ff75e9.mpf_cache
2025-12-31 16:42:56,253 : INFO : Machine : Mission Pinball Framework Core Engine v0.80.0.dev11
2025-12-31 16:42:56,253 : INFO : Machine : Command line arguments: {'no_load_cache': False, 'create_config_cache': True, 'bcp': True, 'configfile': ['config.yaml'], 'force_assets_load': False, 'platform_integration_test': False, 'jsonlogging': False, 'logfile': 'logs/2025-12-31-16-42-56-mpf-fedora.log', 'pause': False, 'production': False, 'text_ui': True, 'loglevel': 10, 'consoleloglevel': 20, 'force_platform': 'smart_virtual', 'syslog_address': None, 'full_logfile_path': '/home/hotsoup/repos/pinball-soup/ozzfest/logs/2025-12-31-16-42-56-mpf-fedora.log'}
2025-12-31 16:42:56,253 : INFO : Machine : MPF path: /home/hotsoup/.pyenv/versions/3.12.8/envs/ozzfest/lib/python3.12/site-packages/mpf
2025-12-31 16:42:56,253 : INFO : Machine : Machine path: /home/hotsoup/repos/pinball-soup/ozzfest
2025-12-31 16:42:56,253 : INFO : Machine : Platform: linux
2025-12-31 16:42:56,253 : INFO : Machine : Python executable location: /home/hotsoup/.pyenv/versions/3.12.8/envs/ozzfest/bin/python
2025-12-31 16:42:56,253 : INFO : Machine : Python version: 3.12.8 (64-bit)
2025-12-31 16:42:56,253 : DEBUG : asyncio : Using selector: EpollSelector
2025-12-31 16:42:56,254 : INFO : Machine : Initializing MPF...
2025-12-31 16:42:56,273 : DEBUG : asciimatics.widgets.layout : Updating: None
2025-12-31 16:42:56,273 : DEBUG : asciimatics.widgets.layout : Updating: None
2025-12-31 16:42:56,273 : DEBUG : asciimatics.widgets.layout : Updating: None
2025-12-31 16:42:56,273 : DEBUG : asciimatics.widgets.layout : Updating: None
2025-12-31 16:42:56,273 : DEBUG : asciimatics.widgets.layout : Updating: None
2025-12-31 16:42:56,273 : DEBUG : asciimatics.widgets.layout : Updating: None
2025-12-31 16:42:56,273 : DEBUG : asciimatics.widgets.layout : Updating: None
2025-12-31 16:42:56,273 : DEBUG : asciimatics.widgets.layout : Updating: None
2025-12-31 16:42:56,273 : DEBUG : asciimatics.widgets.layout : Updating: None
2025-12-31 16:42:56,273 : DEBUG : asciimatics.widgets.layout : Updating: None
2025-12-31 16:42:56,273 : DEBUG : asciimatics.widgets.layout : Updating: None
2025-12-31 16:42:56,273 : DEBUG : asciimatics.widgets.layout : Updating: None
2025-12-31 16:42:56,273 : DEBUG : asciimatics.widgets.widget : Widget blur: <asciimatics.widgets.label.Label object at 0x7f7119818ee0>
2025-12-31 16:42:56,273 : DEBUG : asciimatics.widgets.widget : Widget blur: <asciimatics.widgets.label.Label object at 0x7f7119746b50>
2025-12-31 16:42:56,273 : DEBUG : asciimatics.widgets.widget : Widget blur: <asciimatics.widgets.label.Label object at 0x7f7119746cf0>
2025-12-31 16:42:56,273 : DEBUG : asciimatics.widgets.layout : Blur: <asciimatics.widgets.layout.Layout object at 0x7f711976ca60>
2025-12-31 16:42:56,273 : DEBUG : asciimatics.widgets.layout : Blur: <mpf.core.text_ui.MpfLayout object at 0x7f711986da20>
2025-12-31 16:42:56,273 : DEBUG : asciimatics.widgets.layout : Updating: None
2025-12-31 16:42:56,273 : DEBUG : asciimatics.widgets.layout : Updating: None
2025-12-31 16:42:56,273 : DEBUG : asciimatics.widgets.layout : Updating: None
2025-12-31 16:42:56,273 : DEBUG : asciimatics.widgets.layout : Updating: None
2025-12-31 16:42:56,273 : DEBUG : asciimatics.widgets.layout : Updating: None
2025-12-31 16:42:56,273 : DEBUG : asciimatics.widgets.layout : Updating: None
2025-12-31 16:42:56,273 : DEBUG : asciimatics.widgets.widget : Widget blur: <asciimatics.widgets.label.Label object at 0x7f7119747100>
2025-12-31 16:42:56,273 : DEBUG : asciimatics.widgets.widget : Widget blur: <asciimatics.widgets.label.Label object at 0x7f7119747030>
2025-12-31 16:42:56,273 : DEBUG : asciimatics.widgets.widget : Widget blur: <asciimatics.widgets.label.Label object at 0x7f71197471d0>
2025-12-31 16:42:56,273 : DEBUG : asciimatics.widgets.widget : Widget blur: <asciimatics.widgets.label.Label object at 0x7f7119746f60>
2025-12-31 16:42:56,274 : DEBUG : asciimatics.widgets.widget : Widget blur: <asciimatics.widgets.label.Label object at 0x7f7119746e90>
2025-12-31 16:42:56,274 : DEBUG : asciimatics.widgets.widget : Widget blur: <asciimatics.widgets.label.Label object at 0x7f7119746dc0>
2025-12-31 16:42:56,274 : DEBUG : asciimatics.widgets.layout : Blur: <asciimatics.widgets.layout.Layout object at 0x7f711976cac0>
2025-12-31 16:42:56,274 : DEBUG : asciimatics.widgets.layout : Focus: <asciimatics.widgets.layout.Layout object at 0x7f711976ca60>
2025-12-31 16:42:56,274 : DEBUG : asciimatics.widgets.layout : Focus: <mpf.core.text_ui.MpfLayout object at 0x7f711986da20>
2025-12-31 16:42:56,274 : DEBUG : asciimatics.widgets.layout : Focus: <asciimatics.widgets.layout.Layout object at 0x7f711976cac0>
2025-12-31 16:42:56,274 : DEBUG : asciimatics.widgets.frame : Cloning: Test
2025-12-31 16:42:56,274 : DEBUG : asciimatics.widgets.layout : Updating: None
2025-12-31 16:42:56,274 : DEBUG : asciimatics.widgets.layout : Updating: None
2025-12-31 16:42:56,274 : DEBUG : asciimatics.widgets.layout : Updating: None
2025-12-31 16:42:56,274 : DEBUG : asciimatics.widgets.layout : Updating: None
2025-12-31 16:42:56,274 : DEBUG : asciimatics.widgets.layout : Updating: None
2025-12-31 16:42:56,274 : DEBUG : asciimatics.widgets.layout : Updating: None
2025-12-31 16:42:56,274 : DEBUG : asciimatics.widgets.layout : Updating: None
2025-12-31 16:42:56,274 : DEBUG : asciimatics.widgets.layout : Updating: None
2025-12-31 16:42:56,274 : DEBUG : asciimatics.widgets.layout : Updating: None
2025-12-31 16:42:56,274 : DEBUG : asciimatics.widgets.layout : Updating: None
2025-12-31 16:42:56,274 : DEBUG : asciimatics.widgets.layout : Updating: None
2025-12-31 16:42:56,274 : DEBUG : asciimatics.widgets.layout : Updating: None
2025-12-31 16:42:56,274 : DEBUG : asciimatics.widgets.layout : Updating: None
2025-12-31 16:42:56,274 : DEBUG : asciimatics.widgets.layout : Updating: None
2025-12-31 16:42:56,274 : DEBUG : asciimatics.widgets.layout : Updating: None
2025-12-31 16:42:56,274 : DEBUG : asciimatics.widgets.layout : Updating: None
2025-12-31 16:42:56,274 : DEBUG : asciimatics.widgets.layout : Updating: None
2025-12-31 16:42:56,274 : DEBUG : asciimatics.widgets.layout : Updating: None
2025-12-31 16:42:56,282 : INFO : EventManager : Event: ======'machine_var_credits_string'====== Args={'value': 'FREE PLAY', 'prev_value': None, 'change': True}
2025-12-31 16:42:56,290 : INFO : EventManager : Event: ======'machine_var_master_volume'====== Args={'value': 0.5, 'prev_value': None, 'change': True}
2025-12-31 16:42:56,291 : INFO : EventManager : Event: ======'machine_var_mpf_version'====== Args={'value': 'Mission Pinball Framework v0.80.0.dev11', 'prev_value': None, 'change': True}
2025-12-31 16:42:56,291 : INFO : EventManager : Event: ======'machine_var_mpf_extended_version'====== Args={'value': 'Mission Pinball Framework v0.80.0.dev11, Config version:6, Show version: 6, BCP version:1.1', 'prev_value': None, 'change': True}
2025-12-31 16:42:56,291 : INFO : EventManager : Event: ======'machine_var_python_version'====== Args={'value': '3.12.8', 'prev_value': None, 'change': True}
2025-12-31 16:42:56,292 : INFO : EventManager : Event: ======'machine_var_platform'====== Args={'value': 'Linux-6.17.12-300.fc43.x86_64-x86_64-with-glibc2.42', 'prev_value': None, 'change': True}
2025-12-31 16:42:56,292 : INFO : EventManager : Event: ======'machine_var_platform_system'====== Args={'value': 'Linux', 'prev_value': None, 'change': True}
2025-12-31 16:42:56,292 : INFO : EventManager : Event: ======'machine_var_platform_release'====== Args={'value': '6.17.12-300.fc43.x86_64', 'prev_value': None, 'change': True}
2025-12-31 16:42:56,292 : INFO : EventManager : Event: ======'machine_var_platform_version'====== Args={'value': '#1 SMP PREEMPT_DYNAMIC Sat Dec 13 05:06:24 UTC 2025', 'prev_value': None, 'change': True}
2025-12-31 16:42:56,292 : INFO : EventManager : Event: ======'machine_var_platform_machine'====== Args={'value': 'x86_64', 'prev_value': None, 'change': True}
2025-12-31 16:42:56,292 : INFO : EventManager : Event: ======'machine_var_log_file_path'====== Args={'value': '/home/hotsoup/repos/pinball-soup/ozzfest/logs/2025-12-31-16-42-56-mpf-fedora.log', 'prev_value': None, 'change': True}
2025-12-31 16:42:56,292 : INFO : EventManager : Event: ======'init_phase_1'====== Args={}
2025-12-31 16:42:56,293 : DEBUG : ModeController : Loaded mode base
2025-12-31 16:42:56,295 : DEBUG : ModeController : Loaded mode game
2025-12-31 16:42:56,297 : DEBUG : ModeController : Loaded mode attract
2025-12-31 16:42:56,314 : INFO : EventManager : Event: ======'init_phase_2'====== Args={}
2025-12-31 16:42:56,314 : INFO : SwitchController : Found active switch: ('9', <Platform.SmartVirtual>) <switch.s_right_ball_trough>
2025-12-31 16:42:56,314 : INFO : SwitchController : Found active switch: ('10', <Platform.SmartVirtual>) <switch.s_left_ball_trough>
2025-12-31 16:42:56,315 : INFO : EventManager : Event: ======'bcp_connection_attempt'====== Args={'name': 'local_display', 'host': 'localhost', 'port': 5050}
2025-12-31 16:42:56,316 : DEBUG : asciimatics.widgets.layout : Updating: message
2025-12-31 16:42:56,316 : DEBUG : asciimatics.widgets.layout : Updating: message
2025-12-31 16:42:56,316 : DEBUG : asciimatics.widgets.widget : Widget blur: <asciimatics.widgets.textbox.TextBox object at 0x7f71193ad6c0>
2025-12-31 16:42:56,316 : DEBUG : asciimatics.widgets.layout : Blur: <asciimatics.widgets.layout.Layout object at 0x7f7118ae0100>
2025-12-31 16:42:56,316 : DEBUG : asciimatics.widgets.layout : Blur: <asciimatics.widgets.layout.Layout object at 0x7f7118ae0160>
2025-12-31 16:42:56,316 : DEBUG : asciimatics.widgets.layout : Focus: <asciimatics.widgets.layout.Layout object at 0x7f7118ae0100>
2025-12-31 16:42:56,316 : DEBUG : asciimatics.widgets.layout : Focus: <asciimatics.widgets.layout.Layout object at 0x7f7118ae0160>
2025-12-31 16:42:56,317 : INFO : BCPClientSocket : Connecting BCP to 'local_display' at localhost:5050...
2025-12-31 16:43:01,497 : INFO : Machine : Starting the main run loop with active modes: []
2025-12-31 16:43:01,498 : WARNING : Machine : Attract mode is not active, game will not be playable. Please check your attract mode configuration.
2025-12-31 16:43:01,498 : INFO : Machine : Shutting down...
2025-12-31 16:43:01,498 : INFO : EventManager : Event: ======'shutdown'====== Args={}
2025-12-31 16:43:02,500 : INFO : root : MPF run loop ended.
