2025-12-31 15:51:55,384 : INFO : root : Loading config.
2025-12-31 15:51:55,385 : INFO : YamlMultifileConfigLoader : Machine config file #1: config.yaml
2025-12-31 15:51:55,385 : WARNING : ConfigProcessor : Config file in cache changed: /home/hotsoup/repos/pinball-soup/ozzfest/config/config.yaml
2025-12-31 15:51:55,385 : INFO : ConfigProcessor : Loading config from file /home/hotsoup/.pyenv/versions/3.12.8/envs/ozzfest/lib/python3.12/site-packages/mpf/mpfconfig.yaml.
2025-12-31 15:51:55,392 : INFO : ConfigProcessor : Loading config: /home/hotsoup/.pyenv/versions/3.12.8/envs/ozzfest/lib/python3.12/site-packages/mpf/mpfconfig.yaml
2025-12-31 15:51:55,392 : INFO : ConfigProcessor : Loading config from file /home/hotsoup/repos/pinball-soup/ozzfest/config/config.yaml.
2025-12-31 15:51:55,398 : INFO : ConfigProcessor : Loading config: /home/hotsoup/repos/pinball-soup/ozzfest/config/config.yaml
2025-12-31 15:51:55,399 : INFO : ConfigProcessor : Config file cache created: /tmp/5527cdf0eba21cb5b62cdbf1412f48ab.mpf_cache
2025-12-31 15:51:55,419 : INFO : ConfigProcessor : Loading config from cache: /tmp/ba195dfdf1ea05015ec0aa565015d157.mpf_cache
2025-12-31 15:51:55,419 : INFO : ConfigProcessor : Loading config from cache: /tmp/f57f0537fdc7805225abf9c1a1ee119c.mpf_cache
2025-12-31 15:51:55,420 : INFO : ConfigProcessor : Loading config from cache: /tmp/ba195dfdf1ea05015ec0aa565015d157.mpf_cache
2025-12-31 15:51:55,420 : INFO : ConfigProcessor : Loading config from cache: /tmp/ac54eaf53dec484b1f36e96223ff75e9.mpf_cache
2025-12-31 15:51:55,420 : INFO : Machine : Mission Pinball Framework Core Engine v0.80.0.dev11
2025-12-31 15:51:55,420 : INFO : Machine : Command line arguments: {'no_load_cache': False, 'create_config_cache': True, 'bcp': True, 'configfile': ['config.yaml'], 'force_assets_load': False, 'platform_integration_test': False, 'jsonlogging': False, 'logfile': 'logs/2025-12-31-15-51-55-mpf-fedora.log', 'pause': False, 'production': False, 'text_ui': True, 'loglevel': 15, 'consoleloglevel': 20, 'force_platform': None, 'syslog_address': None, 'full_logfile_path': '/home/hotsoup/repos/pinball-soup/ozzfest/logs/2025-12-31-15-51-55-mpf-fedora.log'}
2025-12-31 15:51:55,420 : INFO : Machine : MPF path: /home/hotsoup/.pyenv/versions/3.12.8/envs/ozzfest/lib/python3.12/site-packages/mpf
2025-12-31 15:51:55,420 : INFO : Machine : Machine path: /home/hotsoup/repos/pinball-soup/ozzfest
2025-12-31 15:51:55,420 : INFO : Machine : Platform: linux
2025-12-31 15:51:55,420 : INFO : Machine : Python executable location: /home/hotsoup/.pyenv/versions/3.12.8/envs/ozzfest/bin/python
2025-12-31 15:51:55,420 : INFO : Machine : Python version: 3.12.8 (64-bit)
2025-12-31 15:51:55,421 : INFO : Machine : Initializing MPF...
2025-12-31 15:51:55,448 : INFO : lisy : Connecting to /dev/ttyACM0 at 115200bps
2025-12-31 15:51:55,448 : INFO : Machine : Shutting down...
2025-12-31 15:51:55,448 : INFO : EventManager : Event: ======'shutdown'====== Args={}
2025-12-31 15:51:55,549 : ERROR : Machine : Failed to initialize MPF
Traceback (most recent call last):
  File "/home/hotsoup/.pyenv/versions/3.12.8/envs/ozzfest/lib/python3.12/site-packages/mpf/core/machine.py", line 688, in initialize_mpf
    raise init.exception()
  File "/home/hotsoup/.pyenv/versions/3.12.8/envs/ozzfest/lib/python3.12/site-packages/mpf/core/machine.py", line 250, in initialize
    await self.initialize_core_and_hardware()
  File "/home/hotsoup/.pyenv/versions/3.12.8/envs/ozzfest/lib/python3.12/site-packages/mpf/core/machine.py", line 246, in initialize_core_and_hardware
    await self._initialize_platforms()
  File "/home/hotsoup/.pyenv/versions/3.12.8/envs/ozzfest/lib/python3.12/site-packages/mpf/core/machine.py", line 336, in _initialize_platforms
    result.result()
  File "/home/hotsoup/.pyenv/versions/3.12.8/envs/ozzfest/lib/python3.12/site-packages/mpf/platforms/lisy/lisy.py", line 387, in initialize
    self._disable_dts_on_start_of_serial()
  File "/home/hotsoup/.pyenv/versions/3.12.8/envs/ozzfest/lib/python3.12/site-packages/mpf/platforms/lisy/lisy.py", line 356, in _disable_dts_on_start_of_serial
    with open(self.config['port']) as serial_port:
         ^^^^^^^^^^^^^^^^^^^^^^^^^
FileNotFoundError: [Errno 2] No such file or directory: '/dev/ttyACM0'
2025-12-31 15:51:55,550 : INFO : root : MPF run loop ended.
