2025-12-31 16:03:19,107 : INFO : root : Loading config.
2025-12-31 16:03:19,109 : INFO : YamlMultifileConfigLoader : Machine config file #1: config.yaml
2025-12-31 16:03:19,109 : WARNING : ConfigProcessor : Config file in cache changed: /home/hotsoup/repos/pinball-soup/ozzfest/config/config.yaml
2025-12-31 16:03:19,109 : INFO : ConfigProcessor : Loading config from file /home/hotsoup/.pyenv/versions/3.12.8/envs/ozzfest/lib/python3.12/site-packages/mpf/mpfconfig.yaml.
2025-12-31 16:03:19,115 : INFO : ConfigProcessor : Loading config: /home/hotsoup/.pyenv/versions/3.12.8/envs/ozzfest/lib/python3.12/site-packages/mpf/mpfconfig.yaml
2025-12-31 16:03:19,115 : INFO : ConfigProcessor : Loading config from file /home/hotsoup/repos/pinball-soup/ozzfest/config/config.yaml.
2025-12-31 16:03:19,122 : INFO : ConfigProcessor : Loading config: /home/hotsoup/repos/pinball-soup/ozzfest/config/config.yaml
2025-12-31 16:03:19,122 : INFO : ConfigProcessor : Config file cache created: /tmp/5527cdf0eba21cb5b62cdbf1412f48ab.mpf_cache
2025-12-31 16:03:19,144 : INFO : ConfigProcessor : Loading config from cache: /tmp/ba195dfdf1ea05015ec0aa565015d157.mpf_cache
2025-12-31 16:03:19,144 : INFO : ConfigProcessor : Loading config from cache: /tmp/f57f0537fdc7805225abf9c1a1ee119c.mpf_cache
2025-12-31 16:03:19,144 : INFO : ConfigProcessor : Loading config from cache: /tmp/ba195dfdf1ea05015ec0aa565015d157.mpf_cache
2025-12-31 16:03:19,144 : INFO : ConfigProcessor : Loading config from cache: /tmp/ac54eaf53dec484b1f36e96223ff75e9.mpf_cache
2025-12-31 16:03:19,144 : INFO : Machine : Mission Pinball Framework Core Engine v0.80.0.dev11
2025-12-31 16:03:19,144 : INFO : Machine : Command line arguments: {'no_load_cache': False, 'create_config_cache': True, 'bcp': True, 'configfile': ['config.yaml'], 'force_assets_load': False, 'platform_integration_test': False, 'jsonlogging': False, 'logfile': 'logs/2025-12-31-16-03-19-mpf-fedora.log', 'pause': False, 'production': False, 'text_ui': True, 'loglevel': 15, 'consoleloglevel': 20, 'force_platform': 'smart_virtual', 'syslog_address': None, 'full_logfile_path': '/home/hotsoup/repos/pinball-soup/ozzfest/logs/2025-12-31-16-03-19-mpf-fedora.log'}
2025-12-31 16:03:19,144 : INFO : Machine : MPF path: /home/hotsoup/.pyenv/versions/3.12.8/envs/ozzfest/lib/python3.12/site-packages/mpf
2025-12-31 16:03:19,145 : INFO : Machine : Machine path: /home/hotsoup/repos/pinball-soup/ozzfest
2025-12-31 16:03:19,145 : INFO : Machine : Platform: linux
2025-12-31 16:03:19,145 : INFO : Machine : Python executable location: /home/hotsoup/.pyenv/versions/3.12.8/envs/ozzfest/bin/python
2025-12-31 16:03:19,145 : INFO : Machine : Python version: 3.12.8 (64-bit)
2025-12-31 16:03:19,145 : INFO : Machine : Initializing MPF...
2025-12-31 16:03:19,169 : INFO : EventManager : Event: ======'machine_var_credits_string'====== Args={'value': 'FREE PLAY', 'prev_value': None, 'change': True}
2025-12-31 16:03:19,174 : INFO : EventManager : Event: ======'machine_var_master_volume'====== Args={'value': 0.5, 'prev_value': None, 'change': True}
2025-12-31 16:03:19,174 : INFO : EventManager : Event: ======'machine_var_mpf_version'====== Args={'value': 'Mission Pinball Framework v0.80.0.dev11', 'prev_value': None, 'change': True}
2025-12-31 16:03:19,174 : INFO : EventManager : Event: ======'machine_var_mpf_extended_version'====== Args={'value': 'Mission Pinball Framework v0.80.0.dev11, Config version:6, Show version: 6, BCP version:1.1', 'prev_value': None, 'change': True}
2025-12-31 16:03:19,175 : INFO : EventManager : Event: ======'machine_var_python_version'====== Args={'value': '3.12.8', 'prev_value': None, 'change': True}
2025-12-31 16:03:19,175 : INFO : EventManager : Event: ======'machine_var_platform'====== Args={'value': 'Linux-6.17.12-300.fc43.x86_64-x86_64-with-glibc2.42', 'prev_value': None, 'change': True}
2025-12-31 16:03:19,176 : INFO : EventManager : Event: ======'machine_var_platform_system'====== Args={'value': 'Linux', 'prev_value': None, 'change': True}
2025-12-31 16:03:19,176 : INFO : EventManager : Event: ======'machine_var_platform_release'====== Args={'value': '6.17.12-300.fc43.x86_64', 'prev_value': None, 'change': True}
2025-12-31 16:03:19,176 : INFO : EventManager : Event: ======'machine_var_platform_version'====== Args={'value': '#1 SMP PREEMPT_DYNAMIC Sat Dec 13 05:06:24 UTC 2025', 'prev_value': None, 'change': True}
2025-12-31 16:03:19,176 : INFO : EventManager : Event: ======'machine_var_platform_machine'====== Args={'value': 'x86_64', 'prev_value': None, 'change': True}
2025-12-31 16:03:19,176 : INFO : EventManager : Event: ======'machine_var_log_file_path'====== Args={'value': '/home/hotsoup/repos/pinball-soup/ozzfest/logs/2025-12-31-16-03-19-mpf-fedora.log', 'prev_value': None, 'change': True}
2025-12-31 16:03:19,176 : INFO : EventManager : Event: ======'init_phase_1'====== Args={}
2025-12-31 16:03:19,189 : INFO : EventManager : Event: ======'init_phase_2'====== Args={}
2025-12-31 16:03:19,190 : INFO : ball_device.trough : BCH: Initial count: 0
2025-12-31 16:03:19,190 : INFO : ball_device.trough : State: idle
2025-12-31 16:03:19,191 : INFO : ball_device.shooter_lane : BCH: Initial count: 0
2025-12-31 16:03:19,191 : INFO : ball_device.shooter_lane : State: idle
2025-12-31 16:03:19,191 : INFO : ball_device.outhole : BCH: Initial count: 0
2025-12-31 16:03:19,191 : INFO : ball_device.outhole : State: idle
2025-12-31 16:03:19,193 : INFO : EventManager : Event: ======'init_phase_3'====== Args={}
2025-12-31 16:03:19,193 : INFO : EventManager : Event: ======'init_phase_4'====== Args={}
2025-12-31 16:03:19,193 : INFO : BallController : Initial balls found: 0
2025-12-31 16:03:19,194 : INFO : EventManager : Event: ======'machine_var_audits_switches_s_rollover_r'====== Args={'value': 0, 'prev_value': None, 'change': True}
2025-12-31 16:03:19,194 : INFO : EventManager : Event: ======'machine_var_audits_switches_s_fivebank_drop_right'====== Args={'value': 0, 'prev_value': None, 'change': True}
2025-12-31 16:03:19,194 : INFO : EventManager : Event: ======'machine_var_audits_switches_s_fivebank_drop_left'====== Args={'value': 0, 'prev_value': None, 'change': True}
2025-12-31 16:03:19,194 : INFO : EventManager : Event: ======'machine_var_audits_switches_s_one_target'====== Args={'value': 0, 'prev_value': None, 'change': True}
2025-12-31 16:03:19,194 : INFO : EventManager : Event: ======'machine_var_audits_switches_s_unused_63'====== Args={'value': 0, 'prev_value': None, 'change': True}
2025-12-31 16:03:19,194 : INFO : EventManager : Event: ======'machine_var_audits_switches_s_left_threebank_center'====== Args={'value': 0, 'prev_value': None, 'change': True}
2025-12-31 16:03:19,194 : INFO : EventManager : Event: ======'machine_var_audits_switches_s_unused_56'====== Args={'value': 0, 'prev_value': None, 'change': True}
2025-12-31 16:03:19,194 : INFO : EventManager : Event: ======'machine_var_audits_switches_s_rollover_4'====== Args={'value': 0, 'prev_value': None, 'change': True}
2025-12-31 16:03:19,194 : INFO : EventManager : Event: ======'machine_var_audits_switches_s_right_ball_trough'====== Args={'value': 0, 'prev_value': None, 'change': True}
2025-12-31 16:03:19,194 : INFO : EventManager : Event: ======'machine_var_audits_switches_s_unused_62'====== Args={'value': 0, 'prev_value': None, 'change': True}
2025-12-31 16:03:19,194 : INFO : EventManager : Event: ======'machine_var_audits_switches_s_start_button'====== Args={'value': 0, 'prev_value': None, 'change': True}
2025-12-31 16:03:19,194 : INFO : EventManager : Event: ======'machine_var_audits_switches_s_unused_61'====== Args={'value': 0, 'prev_value': None, 'change': True}
2025-12-31 16:03:19,194 : INFO : EventManager : Event: ======'machine_var_audits_switches_s_unused_11'====== Args={'value': 0, 'prev_value': None, 'change': True}
2025-12-31 16:03:19,194 : INFO : EventManager : Event: ======'machine_var_audits_switches_s_upper_eject_hole'====== Args={'value': 0, 'prev_value': None, 'change': True}
2025-12-31 16:03:19,194 : INFO : EventManager : Event: ======'machine_var_audits_switches_s_playfield_tilt'====== Args={'value': 0, 'prev_value': None, 'change': True}
2025-12-31 16:03:19,194 : INFO : EventManager : Event: ======'machine_var_audits_switches_s_unused_52'====== Args={'value': 0, 'prev_value': None, 'change': True}
2025-12-31 16:03:19,195 : INFO : EventManager : Event: ======'machine_var_audits_switches_s_left_standup'====== Args={'value': 0, 'prev_value': None, 'change': True}
2025-12-31 16:03:19,195 : INFO : EventManager : Event: ======'machine_var_audits_switches_s_left_magnet_button'====== Args={'value': 0, 'prev_value': None, 'change': True}
2025-12-31 16:03:19,195 : INFO : EventManager : Event: ======'machine_var_audits_switches_s_unused_53'====== Args={'value': 0, 'prev_value': None, 'change': True}
2025-12-31 16:03:19,195 : INFO : EventManager : Event: ======'machine_var_audits_switches_s_coin_chute_center'====== Args={'value': 0, 'prev_value': None, 'change': True}
2025-12-31 16:03:19,195 : INFO : EventManager : Event: ======'machine_var_audits_switches_s_fivebank_drop_center'====== Args={'value': 0, 'prev_value': None, 'change': True}
2025-12-31 16:03:19,195 : INFO : EventManager : Event: ======'machine_var_audits_switches_s_right_threebank_center'====== Args={'value': 0, 'prev_value': None, 'change': True}
2025-12-31 16:03:19,195 : INFO : EventManager : Event: ======'machine_var_audits_switches_s_rollover_l'====== Args={'value': 0, 'prev_value': None, 'change': True}
2025-12-31 16:03:19,195 : INFO : EventManager : Event: ======'machine_var_audits_switches_s_three_target'====== Args={'value': 0, 'prev_value': None, 'change': True}
2025-12-31 16:03:19,195 : INFO : EventManager : Event: ======'machine_var_audits_switches_s_right_threebank_lower'====== Args={'value': 0, 'prev_value': None, 'change': True}
2025-12-31 16:03:19,195 : INFO : EventManager : Event: ======'machine_var_audits_switches_s_fivebank_drop_right_mid'====== Args={'value': 0, 'prev_value': None, 'change': True}
2025-12-31 16:03:19,195 : INFO : EventManager : Event: ======'machine_var_audits_switches_s_outhole'====== Args={'value': 0, 'prev_value': None, 'change': True}
2025-12-31 16:03:19,195 : INFO : EventManager : Event: ======'machine_var_audits_switches_s_unused_64'====== Args={'value': 0, 'prev_value': None, 'change': True}
2025-12-31 16:03:19,195 : INFO : EventManager : Event: ======'machine_var_audits_switches_s_upper_left_standup'====== Args={'value': 0, 'prev_value': None, 'change': True}
2025-12-31 16:03:19,195 : INFO : EventManager : Event: ======'machine_var_audits_switches_s_slam_tilt'====== Args={'value': 0, 'prev_value': None, 'change': True}
2025-12-31 16:03:19,195 : INFO : EventManager : Event: ======'machine_var_audits_switches_s_unused_51'====== Args={'value': 0, 'prev_value': None, 'change': True}
2025-12-31 16:03:19,195 : INFO : EventManager : Event: ======'machine_var_audits_switches_s_unused_59'====== Args={'value': 0, 'prev_value': None, 'change': True}
2025-12-31 16:03:19,195 : INFO : EventManager : Event: ======'machine_var_audits_switches_s_left_threebank_lower'====== Args={'value': 0, 'prev_value': None, 'change': True}
2025-12-31 16:03:19,195 : INFO : EventManager : Event: ======'machine_var_audits_switches_s_fivebank_drop_left_mid'====== Args={'value': 0, 'prev_value': None, 'change': True}
2025-12-31 16:03:19,195 : INFO : EventManager : Event: ======'machine_var_audits_switches_s_high_score_reset'====== Args={'value': 0, 'prev_value': None, 'change': True}
2025-12-31 16:03:19,195 : INFO : EventManager : Event: ======'machine_var_audits_switches_s_left_ball_trough'====== Args={'value': 0, 'prev_value': None, 'change': True}
2025-12-31 16:03:19,195 : INFO : EventManager : Event: ======'machine_var_audits_switches_s_ball_roll_tilt'====== Args={'value': 0, 'prev_value': None, 'change': True}
2025-12-31 16:03:19,195 : INFO : EventManager : Event: ======'machine_var_audits_switches_s_left_threebank_upper'====== Args={'value': 0, 'prev_value': None, 'change': True}
2025-12-31 16:03:19,195 : INFO : EventManager : Event: ======'machine_var_audits_switches_s_two_target'====== Args={'value': 0, 'prev_value': None, 'change': True}
2025-12-31 16:03:19,195 : INFO : EventManager : Event: ======'machine_var_audits_switches_s_playfield_entry_gate'====== Args={'value': 0, 'prev_value': None, 'change': True}
2025-12-31 16:03:19,195 : INFO : EventManager : Event: ======'machine_var_audits_switches_s_coin_chute_right'====== Args={'value': 0, 'prev_value': None, 'change': True}
2025-12-31 16:03:19,195 : INFO : EventManager : Event: ======'machine_var_audits_switches_s_unused_58'====== Args={'value': 0, 'prev_value': None, 'change': True}
2025-12-31 16:03:19,195 : INFO : EventManager : Event: ======'machine_var_audits_switches_s_right_magnet_button'====== Args={'value': 0, 'prev_value': None, 'change': True}
2025-12-31 16:03:19,195 : INFO : EventManager : Event: ======'machine_var_audits_switches_s_right_threebank_upper'====== Args={'value': 0, 'prev_value': None, 'change': True}
2025-12-31 16:03:19,195 : INFO : EventManager : Event: ======'machine_var_audits_switches_s_turnaround_upper_rollover'====== Args={'value': 0, 'prev_value': None, 'change': True}
2025-12-31 16:03:19,195 : INFO : EventManager : Event: ======'machine_var_audits_switches_s_plumb_bob_tilt'====== Args={'value': 0, 'prev_value': None, 'change': True}
2025-12-31 16:03:19,195 : INFO : EventManager : Event: ======'machine_var_audits_switches_s_unused_48'====== Args={'value': 0, 'prev_value': None, 'change': True}
2025-12-31 16:03:19,195 : INFO : EventManager : Event: ======'machine_var_audits_switches_s_unused_54'====== Args={'value': 0, 'prev_value': None, 'change': True}
2025-12-31 16:03:19,195 : INFO : EventManager : Event: ======'machine_var_audits_switches_s_rollover_5'====== Args={'value': 0, 'prev_value': None, 'change': True}
2025-12-31 16:03:19,195 : INFO : EventManager : Event: ======'machine_var_audits_switches_s_unused_60'====== Args={'value': 0, 'prev_value': None, 'change': True}
2025-12-31 16:03:19,196 : INFO : EventManager : Event: ======'machine_var_audits_switches_s_coin_chute_left'====== Args={'value': 0, 'prev_value': None, 'change': True}
2025-12-31 16:03:19,196 : INFO : EventManager : Event: ======'machine_var_audits_switches_s_right_slingshot'====== Args={'value': 0, 'prev_value': None, 'change': True}
2025-12-31 16:03:19,196 : INFO : EventManager : Event: ======'machine_var_audits_switches_s_right_outlane'====== Args={'value': 0, 'prev_value': None, 'change': True}
2025-12-31 16:03:19,196 : INFO : EventManager : Event: ======'machine_var_audits_switches_s_upper_kicker'====== Args={'value': 0, 'prev_value': None, 'change': True}
2025-12-31 16:03:19,196 : INFO : EventManager : Event: ======'machine_var_audits_switches_s_rollover_o'====== Args={'value': 0, 'prev_value': None, 'change': True}
2025-12-31 16:03:19,196 : INFO : EventManager : Event: ======'machine_var_audits_switches_s_lower_eject_hole'====== Args={'value': 0, 'prev_value': None, 'change': True}
2025-12-31 16:03:19,196 : INFO : EventManager : Event: ======'machine_var_audits_switches_s_right_standup'====== Args={'value': 0, 'prev_value': None, 'change': True}
2025-12-31 16:03:19,196 : INFO : EventManager : Event: ======'machine_var_audits_switches_s_turnaround_lower_rollover'====== Args={'value': 0, 'prev_value': None, 'change': True}
2025-12-31 16:03:19,196 : INFO : EventManager : Event: ======'machine_var_audits_switches_s_unused_57'====== Args={'value': 0, 'prev_value': None, 'change': True}
2025-12-31 16:03:19,196 : INFO : EventManager : Event: ======'machine_var_audits_switches_s_rollover_d'====== Args={'value': 0, 'prev_value': None, 'change': True}
2025-12-31 16:03:19,196 : INFO : EventManager : Event: ======'machine_var_audits_switches_s_shooter_lane'====== Args={'value': 0, 'prev_value': None, 'change': True}
2025-12-31 16:03:19,196 : INFO : EventManager : Event: ======'machine_var_audits_switches_s_unused_55'====== Args={'value': 0, 'prev_value': None, 'change': True}
2025-12-31 16:03:19,196 : INFO : EventManager : Event: ======'machine_var_audits_switches_s_left_outlane'====== Args={'value': 0, 'prev_value': None, 'change': True}
2025-12-31 16:03:19,196 : INFO : EventManager : Event: ======'machine_var_audits_switches_s_left_slingshot'====== Args={'value': 0, 'prev_value': None, 'change': True}
2025-12-31 16:03:19,196 : INFO : EventManager : Event: ======'machine_var_audits_events_game_started'====== Args={'value': 0, 'prev_value': None, 'change': True}
2025-12-31 16:03:19,196 : INFO : EventManager : Event: ======'machine_var_audits_events_game_ended'====== Args={'value': 0, 'prev_value': None, 'change': True}
2025-12-31 16:03:19,196 : INFO : EventManager : Event: ======'machine_var_audits_player_score'====== Args={'value': {'top': [], 'average': 0, 'total': 0}, 'prev_value': None, 'change': True}
2025-12-31 16:03:19,196 : INFO : EventManager : Event: ======'init_phase_5'====== Args={}
2025-12-31 16:03:19,196 : ERROR : ConfigValidator : Your config contains a value for the setting "smart_virtual:active_switches", but this is not a valid setting name.
2025-12-31 16:03:19,196 : INFO : Machine : Shutting down...
2025-12-31 16:03:19,197 : INFO : EventManager : Event: ======'shutdown'====== Args={}
2025-12-31 16:03:19,197 : ERROR : Machine : Failed to initialize MPF
Traceback (most recent call last):
  File "/home/hotsoup/.pyenv/versions/3.12.8/envs/ozzfest/lib/python3.12/site-packages/mpf/core/machine.py", line 688, in initialize_mpf
    raise init.exception()
  File "/home/hotsoup/.pyenv/versions/3.12.8/envs/ozzfest/lib/python3.12/site-packages/mpf/core/machine.py", line 260, in initialize
    await self._start_platforms()
  File "/home/hotsoup/.pyenv/versions/3.12.8/envs/ozzfest/lib/python3.12/site-packages/mpf/core/machine.py", line 341, in _start_platforms
    await hardware_platform.start()
  File "/home/hotsoup/.pyenv/versions/3.12.8/envs/ozzfest/lib/python3.12/site-packages/mpf/platforms/smart_virtual.py", line 288, in start
    self._initialize_ball_devices()
  File "/home/hotsoup/.pyenv/versions/3.12.8/envs/ozzfest/lib/python3.12/site-packages/mpf/platforms/smart_virtual.py", line 347, in _initialize_ball_devices
    action = device.ejector.config['eject_coil'].hw_driver.action = AddBallToTargetAction(
                                                                    ^^^^^^^^^^^^^^^^^^^^^^
  File "/home/hotsoup/.pyenv/versions/3.12.8/envs/ozzfest/lib/python3.12/site-packages/mpf/platforms/smart_virtual.py", line 176, in __init__
    super().__init__(actions, machine)
  File "/home/hotsoup/.pyenv/versions/3.12.8/envs/ozzfest/lib/python3.12/site-packages/mpf/platforms/smart_virtual.py", line 34, in __init__
    self.machine.config['smart_virtual'] = self.machine.config_validator.validate_config(
                                           ^^^^^^^^^^^^^^^^^^^^^^^^^^^^^^^^^^^^^^^^^^^^^^
  File "/home/hotsoup/.pyenv/versions/3.12.8/envs/ozzfest/lib/python3.12/site-packages/mpf/core/config_validator.py", line 164, in validate_config
    return self._validate_config(config_spec, source, base_spec=base_spec, add_missing_keys=add_missing_keys,
           ^^^^^^^^^^^^^^^^^^^^^^^^^^^^^^^^^^^^^^^^^^^^^^^^^^^^^^^^^^^^^^^^^^^^^^^^^^^^^^^^^^^^^^^^^^^^^^^^^^
  File "/home/hotsoup/.pyenv/versions/3.12.8/envs/ozzfest/lib/python3.12/site-packages/mpf/core/config_validator.py", line 177, in _validate_config
    self.check_for_invalid_sections(this_spec, source, validation_failure_info)
  File "/home/hotsoup/.pyenv/versions/3.12.8/envs/ozzfest/lib/python3.12/site-packages/mpf/core/config_validator.py", line 345, in check_for_invalid_sections
    raise ConfigFileError('Your config contains a value for the '
mpf.exceptions.config_file_error.ConfigFileError: Config File Error in ConfigValidator: Your config contains a value for the setting "smart_virtual:active_switches", but this is not a valid setting name. Error Code: CFE-ConfigValidator-2 (https://missionpinball.org/logs)
2025-12-31 16:03:19,199 : INFO : root : MPF run loop ended.
