2025-12-31 18:03:40,917 : INFO : root : Loading config.
2025-12-31 18:03:40,919 : INFO : YamlMultifileConfigLoader : Machine config file #1: config.yaml
2025-12-31 18:03:40,919 : WARNING : ConfigProcessor : Config file in cache changed: /home/hotsoup/repos/pinball-soup/ozzfest/config/config.yaml
2025-12-31 18:03:40,919 : INFO : ConfigProcessor : Loading config from file /home/hotsoup/.pyenv/versions/3.12.8/envs/ozzfest/lib/python3.12/site-packages/mpf/mpfconfig.yaml.
2025-12-31 18:03:40,930 : INFO : ConfigProcessor : Loading config: /home/hotsoup/.pyenv/versions/3.12.8/envs/ozzfest/lib/python3.12/site-packages/mpf/mpfconfig.yaml
2025-12-31 18:03:40,931 : INFO : ConfigProcessor : Loading config from file /home/hotsoup/repos/pinball-soup/ozzfest/config/config.yaml.
2025-12-31 18:03:40,944 : INFO : ConfigProcessor : Loading config: /home/hotsoup/repos/pinball-soup/ozzfest/config/config.yaml
2025-12-31 18:03:40,945 : INFO : ConfigProcessor : Config file cache created: /tmp/5527cdf0eba21cb5b62cdbf1412f48ab.mpf_cache
2025-12-31 18:03:40,978 : INFO : ConfigProcessor : Loading config from cache: /tmp/ba195dfdf1ea05015ec0aa565015d157.mpf_cache
2025-12-31 18:03:40,978 : INFO : ConfigProcessor : Loading config from cache: /tmp/f57f0537fdc7805225abf9c1a1ee119c.mpf_cache
2025-12-31 18:03:40,979 : INFO : ConfigProcessor : Loading config from cache: /tmp/ba195dfdf1ea05015ec0aa565015d157.mpf_cache
2025-12-31 18:03:40,979 : INFO : ConfigProcessor : Loading config from cache: /tmp/ac54eaf53dec484b1f36e96223ff75e9.mpf_cache
2025-12-31 18:03:40,979 : INFO : ConfigProcessor : Loading config from file /home/hotsoup/.pyenv/versions/3.12.8/envs/ozzfest/lib/python3.12/site-packages/mpf/modes/tilt/config/tilt.yaml.
2025-12-31 18:03:40,981 : INFO : ConfigProcessor : Loading config: /home/hotsoup/.pyenv/versions/3.12.8/envs/ozzfest/lib/python3.12/site-packages/mpf/modes/tilt/config/tilt.yaml
2025-12-31 18:03:40,982 : INFO : ConfigProcessor : Loading config from file /home/hotsoup/repos/pinball-soup/ozzfest/modes/tilt/config/tilt.yaml.
2025-12-31 18:03:40,982 : INFO : ConfigProcessor : Loading config: /home/hotsoup/repos/pinball-soup/ozzfest/modes/tilt/config/tilt.yaml
2025-12-31 18:03:40,983 : INFO : ConfigProcessor : Config file cache created: /tmp/fe5f14ef594c03fb5611c1e920d2be25.mpf_cache
2025-12-31 18:03:40,983 : INFO : ConfigProcessor : Loading config from file /home/hotsoup/repos/pinball-soup/ozzfest/modes/ball_save/config/ball_save.yaml.
2025-12-31 18:03:40,984 : INFO : ConfigProcessor : Loading config: /home/hotsoup/repos/pinball-soup/ozzfest/modes/ball_save/config/ball_save.yaml
2025-12-31 18:03:40,984 : INFO : ConfigProcessor : Config file cache created: /tmp/6276d6086c07cc997337f319c85e49db.mpf_cache
2025-12-31 18:03:40,984 : INFO : ConfigProcessor : Loading config from file /home/hotsoup/.pyenv/versions/3.12.8/envs/ozzfest/lib/python3.12/site-packages/mpf/modes/bonus/config/bonus.yaml.
2025-12-31 18:03:40,986 : INFO : ConfigProcessor : Loading config: /home/hotsoup/.pyenv/versions/3.12.8/envs/ozzfest/lib/python3.12/site-packages/mpf/modes/bonus/config/bonus.yaml
2025-12-31 18:03:40,986 : INFO : ConfigProcessor : Loading config from file /home/hotsoup/repos/pinball-soup/ozzfest/modes/bonus/config/bonus.yaml.
2025-12-31 18:03:40,987 : INFO : ConfigProcessor : Loading config: /home/hotsoup/repos/pinball-soup/ozzfest/modes/bonus/config/bonus.yaml
