2026-01-01 12:24:23,242 : INFO : root : Loading config.
2026-01-01 12:24:23,244 : INFO : YamlMultifileConfigLoader : Machine config file #1: config.yaml
2026-01-01 12:24:23,244 : INFO : ConfigProcessor : Loading config from cache: /tmp/5527cdf0eba21cb5b62cdbf1412f48ab.mpf_cache
2026-01-01 12:24:23,288 : INFO : ConfigProcessor : Loading config from cache: /tmp/ba195dfdf1ea05015ec0aa565015d157.mpf_cache
2026-01-01 12:24:23,289 : INFO : ConfigProcessor : Loading config from cache: /tmp/f57f0537fdc7805225abf9c1a1ee119c.mpf_cache
2026-01-01 12:24:23,289 : INFO : ConfigProcessor : Loading config from cache: /tmp/ba195dfdf1ea05015ec0aa565015d157.mpf_cache
2026-01-01 12:24:23,289 : INFO : ConfigProcessor : Loading config from cache: /tmp/ac54eaf53dec484b1f36e96223ff75e9.mpf_cache
2026-01-01 12:24:23,290 : INFO : ConfigProcessor : Loading config from cache: /tmp/fe5f14ef594c03fb5611c1e920d2be25.mpf_cache
2026-01-01 12:24:23,290 : INFO : ConfigProcessor : Loading config from cache: /tmp/6276d6086c07cc997337f319c85e49db.mpf_cache
2026-01-01 12:24:23,290 : INFO : ConfigProcessor : Loading config from cache: /tmp/c094e41fe024d7b15eec3b38569b70a8.mpf_cache
2026-01-01 12:24:23,290 : INFO : ConfigProcessor : Loading config from cache: /tmp/4af1932c551eae6d17fcd9051a9ed7e2.mpf_cache
2026-01-01 12:24:23,290 : INFO : ConfigProcessor : Loading config from cache: /tmp/e26bcbce20924eebcd28aaf7cbd67347.mpf_cache
2026-01-01 12:24:23,290 : INFO : ConfigProcessor : Loading config from cache: /tmp/84547a3e86c6d8bbc6382bc8543834be.mpf_cache
2026-01-01 12:24:23,291 : INFO : ConfigProcessor : Loading config from cache: /tmp/55480dc30bdfd41d93b37a6dcca6a184.mpf_cache
2026-01-01 12:24:23,291 : INFO : ConfigProcessor : Loading config from cache: /tmp/f54f451608ad210d0560a0f6f0f24980.mpf_cache
2026-01-01 12:24:23,291 : INFO : ConfigProcessor : Loading config from cache: /tmp/3967131bded016b3099a5c98a7500c29.mpf_cache
2026-01-01 12:24:23,291 : INFO : ConfigProcessor : Loading config from cache: /tmp/67b07a9251e0b18722b8536fbbc452a9.mpf_cache
2026-01-01 12:24:23,292 : INFO : ConfigProcessor : Loading config from cache: /tmp/2be5cec3ce49c331e603f3f334d07368.mpf_cache
2026-01-01 12:24:23,292 : INFO : Machine : Mission Pinball Framework Core Engine v0.80.0.dev11
2026-01-01 12:24:23,292 : INFO : Machine : Command line arguments: {'no_load_cache': False, 'create_config_cache': True, 'bcp': True, 'configfile': ['config.yaml'], 'force_assets_load': False, 'platform_integration_test': False, 'jsonlogging': False, 'logfile': 'logs/2026-01-01-12-24-23-mpf-fedora.log', 'pause': False, 'production': False, 'text_ui': True, 'loglevel': 15, 'consoleloglevel': 20, 'force_platform': None, 'syslog_address': None, 'full_logfile_path': '/home/hotsoup/repos/pinball-soup/ozzfest/logs/2026-01-01-12-24-23-mpf-fedora.log'}
2026-01-01 12:24:23,292 : INFO : Machine : MPF path: /home/hotsoup/.pyenv/versions/3.12.8/envs/ozzfest/lib/python3.12/site-packages/mpf
2026-01-01 12:24:23,292 : INFO : Machine : Machine path: /home/hotsoup/repos/pinball-soup/ozzfest
2026-01-01 12:24:23,292 : INFO : Machine : Platform: linux
2026-01-01 12:24:23,292 : INFO : Machine : Python executable location: /home/hotsoup/.pyenv/versions/3.12.8/envs/ozzfest/bin/python
2026-01-01 12:24:23,292 : INFO : Machine : Python version: 3.12.8 (64-bit)
2026-01-01 12:24:23,293 : INFO : Machine : Initializing MPF...
2026-01-01 12:24:23,334 : INFO : lisy : Connecting to /dev/ttyACM0 at 115200bps
2026-01-01 12:24:23,334 : INFO : Machine : Shutting down...
2026-01-01 12:24:23,334 : INFO : EventManager : Event: ======'shutdown'====== Args={}
2026-01-01 12:24:23,435 : ERROR : Machine : Failed to initialize MPF
Traceback (most recent call last):
  File "/home/hotsoup/.pyenv/versions/3.12.8/envs/ozzfest/lib/python3.12/site-packages/mpf/core/machine.py", line 688, in initialize_mpf
    raise init.exception()
  File "/home/hotsoup/.pyenv/versions/3.12.8/envs/ozzfest/lib/python3.12/site-packages/mpf/core/machine.py", line 250, in initialize
    await self.initialize_core_and_hardware()
  File "/home/hotsoup/.pyenv/versions/3.12.8/envs/ozzfest/lib/python3.12/site-packages/mpf/core/machine.py", line 246, in initialize_core_and_hardware
    await self._initialize_platforms()
  File "/home/hotsoup/.pyenv/versions/3.12.8/envs/ozzfest/lib/python3.12/site-packages/mpf/core/machine.py", line 336, in _initialize_platforms
    result.result()
  File "/home/hotsoup/.pyenv/versions/3.12.8/envs/ozzfest/lib/python3.12/site-packages/mpf/platforms/lisy/lisy.py", line 387, in initialize
    self._disable_dts_on_start_of_serial()
  File "/home/hotsoup/.pyenv/versions/3.12.8/envs/ozzfest/lib/python3.12/site-packages/mpf/platforms/lisy/lisy.py", line 356, in _disable_dts_on_start_of_serial
    with open(self.config['port']) as serial_port:
         ^^^^^^^^^^^^^^^^^^^^^^^^^
FileNotFoundError: [Errno 2] No such file or directory: '/dev/ttyACM0'
2026-01-01 12:24:23,436 : INFO : root : MPF run loop ended.
