2026-01-02 09:57:54,773 : INFO : root : Loading config.
2026-01-02 09:57:54,775 : INFO : YamlMultifileConfigLoader : Machine config file #1: config.yaml
2026-01-02 09:57:54,775 : WARNING : ConfigProcessor : Config file in cache changed: /home/hotsoup/repos/pinball-soup/ozzfest/config/config.yaml
2026-01-02 09:57:54,775 : INFO : ConfigProcessor : Loading config from file /home/hotsoup/.pyenv/versions/3.12.8/envs/ozzfest/lib/python3.12/site-packages/mpf/mpfconfig.yaml.
2026-01-02 09:57:54,786 : INFO : ConfigProcessor : Loading config: /home/hotsoup/.pyenv/versions/3.12.8/envs/ozzfest/lib/python3.12/site-packages/mpf/mpfconfig.yaml
2026-01-02 09:57:54,786 : INFO : ConfigProcessor : Loading config from file /home/hotsoup/repos/pinball-soup/ozzfest/config/config.yaml.
2026-01-02 09:57:54,801 : INFO : ConfigProcessor : Loading config: /home/hotsoup/repos/pinball-soup/ozzfest/config/config.yaml
2026-01-02 09:57:54,803 : INFO : ConfigProcessor : Config file cache created: /tmp/5527cdf0eba21cb5b62cdbf1412f48ab.mpf_cache
2026-01-02 09:57:54,841 : INFO : ConfigProcessor : Loading config from cache: /tmp/ba195dfdf1ea05015ec0aa565015d157.mpf_cache
2026-01-02 09:57:54,841 : INFO : ConfigProcessor : Loading config from cache: /tmp/f57f0537fdc7805225abf9c1a1ee119c.mpf_cache
2026-01-02 09:57:54,841 : INFO : ConfigProcessor : Loading config from cache: /tmp/ba195dfdf1ea05015ec0aa565015d157.mpf_cache
2026-01-02 09:57:54,842 : INFO : ConfigProcessor : Loading config from cache: /tmp/ac54eaf53dec484b1f36e96223ff75e9.mpf_cache
2026-01-02 09:57:54,842 : INFO : ConfigProcessor : Loading config from cache: /tmp/fe5f14ef594c03fb5611c1e920d2be25.mpf_cache
2026-01-02 09:57:54,843 : INFO : ConfigProcessor : Loading config from cache: /tmp/6276d6086c07cc997337f319c85e49db.mpf_cache
2026-01-02 09:57:54,843 : INFO : ConfigProcessor : Loading config from cache: /tmp/c094e41fe024d7b15eec3b38569b70a8.mpf_cache
2026-01-02 09:57:54,843 : INFO : ConfigProcessor : Loading config from cache: /tmp/4af1932c551eae6d17fcd9051a9ed7e2.mpf_cache
2026-01-02 09:57:54,844 : INFO : ConfigProcessor : Loading config from cache: /tmp/e26bcbce20924eebcd28aaf7cbd67347.mpf_cache
2026-01-02 09:57:54,844 : INFO : ConfigProcessor : Loading config from cache: /tmp/84547a3e86c6d8bbc6382bc8543834be.mpf_cache
2026-01-02 09:57:54,844 : INFO : ConfigProcessor : Loading config from cache: /tmp/55480dc30bdfd41d93b37a6dcca6a184.mpf_cache
2026-01-02 09:57:54,844 : INFO : ConfigProcessor : Loading config from cache: /tmp/f54f451608ad210d0560a0f6f0f24980.mpf_cache
2026-01-02 09:57:54,844 : INFO : ConfigProcessor : Loading config from cache: /tmp/3967131bded016b3099a5c98a7500c29.mpf_cache
2026-01-02 09:57:54,845 : INFO : ConfigProcessor : Loading config from cache: /tmp/67b07a9251e0b18722b8536fbbc452a9.mpf_cache
2026-01-02 09:57:54,845 : INFO : ConfigProcessor : Loading config from cache: /tmp/2be5cec3ce49c331e603f3f334d07368.mpf_cache
2026-01-02 09:57:54,846 : INFO : Machine : Mission Pinball Framework Core Engine v0.80.0.dev11
2026-01-02 09:57:54,846 : INFO : Machine : Command line arguments: {'no_load_cache': False, 'create_config_cache': True, 'bcp': True, 'configfile': ['config.yaml'], 'force_assets_load': False, 'platform_integration_test': False, 'jsonlogging': False, 'logfile': 'logs/2026-01-02-09-57-54-mpf-fedora.log', 'pause': False, 'production': False, 'text_ui': True, 'loglevel': 15, 'consoleloglevel': 20, 'force_platform': 'smart_virtual', 'syslog_address': None, 'full_logfile_path': '/home/hotsoup/repos/pinball-soup/ozzfest/logs/2026-01-02-09-57-54-mpf-fedora.log'}
2026-01-02 09:57:54,846 : INFO : Machine : MPF path: /home/hotsoup/.pyenv/versions/3.12.8/envs/ozzfest/lib/python3.12/site-packages/mpf
2026-01-02 09:57:54,846 : INFO : Machine : Machine path: /home/hotsoup/repos/pinball-soup/ozzfest
2026-01-02 09:57:54,846 : INFO : Machine : Platform: linux
2026-01-02 09:57:54,846 : INFO : Machine : Python executable location: /home/hotsoup/.pyenv/versions/3.12.8/envs/ozzfest/bin/python
2026-01-02 09:57:54,846 : INFO : Machine : Python version: 3.12.8 (64-bit)
2026-01-02 09:57:54,847 : INFO : Machine : Initializing MPF...
2026-01-02 09:57:54,896 : INFO : EventManager : Event: ======'machine_var_credits_string'====== Args={'value': 'FREE PLAY', 'prev_value': None, 'change': True}
2026-01-02 09:57:54,904 : INFO : EventManager : Event: ======'machine_var_high_score'====== Args={'value': 2000000, 'prev_value': None, 'change': True}
2026-01-02 09:57:54,904 : INFO : EventManager : Event: ======'machine_var_master_volume'====== Args={'value': 0.5, 'prev_value': None, 'change': True}
2026-01-02 09:57:54,904 : INFO : EventManager : Event: ======'machine_var_mpf_version'====== Args={'value': 'Mission Pinball Framework v0.80.0.dev11', 'prev_value': None, 'change': True}
2026-01-02 09:57:54,904 : INFO : EventManager : Event: ======'machine_var_mpf_extended_version'====== Args={'value': 'Mission Pinball Framework v0.80.0.dev11, Config version:6, Show version: 6, BCP version:1.1', 'prev_value': None, 'change': True}
2026-01-02 09:57:54,905 : INFO : EventManager : Event: ======'machine_var_python_version'====== Args={'value': '3.12.8', 'prev_value': None, 'change': True}
2026-01-02 09:57:54,906 : INFO : EventManager : Event: ======'machine_var_platform'====== Args={'value': 'Linux-6.17.12-300.fc43.x86_64-x86_64-with-glibc2.42', 'prev_value': None, 'change': True}
2026-01-02 09:57:54,906 : INFO : EventManager : Event: ======'machine_var_platform_system'====== Args={'value': 'Linux', 'prev_value': None, 'change': True}
2026-01-02 09:57:54,906 : INFO : EventManager : Event: ======'machine_var_platform_release'====== Args={'value': '6.17.12-300.fc43.x86_64', 'prev_value': None, 'change': True}
2026-01-02 09:57:54,906 : INFO : EventManager : Event: ======'machine_var_platform_version'====== Args={'value': '#1 SMP PREEMPT_DYNAMIC Sat Dec 13 05:06:24 UTC 2025', 'prev_value': None, 'change': True}
2026-01-02 09:57:54,906 : INFO : EventManager : Event: ======'machine_var_platform_machine'====== Args={'value': 'x86_64', 'prev_value': None, 'change': True}
2026-01-02 09:57:54,907 : INFO : EventManager : Event: ======'machine_var_log_file_path'====== Args={'value': '/home/hotsoup/repos/pinball-soup/ozzfest/logs/2026-01-02-09-57-54-mpf-fedora.log', 'prev_value': None, 'change': True}
2026-01-02 09:57:54,907 : INFO : EventManager : Event: ======'init_phase_1'====== Args={}
2026-01-02 09:57:54,941 : INFO : EventManager : Event: ======'drop_target_bank_right_threebank_up'====== Args={}
2026-01-02 09:57:54,942 : INFO : EventManager : Event: ======'drop_target_bank_left_threebank_up'====== Args={}
2026-01-02 09:57:54,942 : INFO : EventManager : Event: ======'drop_target_bank_fivebank_inline_up'====== Args={}
2026-01-02 09:57:54,944 : INFO : EventManager : Event: ======'init_phase_2'====== Args={}
2026-01-02 09:57:54,944 : INFO : SwitchController : Found active switch: ('9', <Platform.SmartVirtual>) <switch.s_right_ball_trough>
2026-01-02 09:57:54,945 : INFO : SwitchController : Found active switch: ('10', <Platform.SmartVirtual>) <switch.s_left_ball_trough>
2026-01-02 09:57:54,954 : INFO : EventManager : Event: ======'bcp_connection_attempt'====== Args={'name': 'local_display', 'host': 'localhost', 'port': 5050}
2026-01-02 09:57:54,955 : INFO : EventManager : Event: ======'bcp_connection_attempt'====== Args={'name': 'gmc', 'host': '0.0.0.0', 'port': 5050}
2026-01-02 09:57:54,955 : INFO : BCPClientSocket : Connecting BCP to 'local_display' at localhost:5050...
2026-01-02 09:57:54,957 : ERROR : asyncio : Exception in callback EventManager._queue_task_done(<Task finishe...ket_client'")>)
handle: <Handle EventManager._queue_task_done(<Task finishe...ket_client'")>)>
Traceback (most recent call last):
  File "/home/hotsoup/.pyenv/versions/3.12.8/lib/python3.12/asyncio/events.py", line 88, in _run
    self._context.run(self._callback, *self._args)
  File "/home/hotsoup/.pyenv/versions/3.12.8/envs/ozzfest/lib/python3.12/site-packages/mpf/core/events.py", line 795, in _queue_task_done
    future.result()
  File "/home/hotsoup/.pyenv/versions/3.12.8/envs/ozzfest/lib/python3.12/site-packages/mpf/core/events.py", line 708, in _run_handlers_sequential
    handler.callback(queue=queue, **merged_kwargs)
  File "/home/hotsoup/.pyenv/versions/3.12.8/envs/ozzfest/lib/python3.12/site-packages/mpf/core/bcp/bcp.py", line 78, in _setup_bcp_connections
    client = Util.string_to_class(settings['type'])(self.machine, name, self.machine.bcp)
             ^^^^^^^^^^^^^^^^^^^^^^^^^^^^^^^^^^^^^^
  File "/home/hotsoup/.pyenv/versions/3.12.8/envs/ozzfest/lib/python3.12/site-packages/mpf/core/utility_functions.py", line 640, in string_to_class
    m = importlib.import_module(module)
        ^^^^^^^^^^^^^^^^^^^^^^^^^^^^^^^
  File "/home/hotsoup/.pyenv/versions/3.12.8/lib/python3.12/importlib/__init__.py", line 90, in import_module
    return _bootstrap._gcd_import(name[level:], package, level)
           ^^^^^^^^^^^^^^^^^^^^^^^^^^^^^^^^^^^^^^^^^^^^^^^^^^^^
  File "<frozen importlib._bootstrap>", line 1387, in _gcd_import
  File "<frozen importlib._bootstrap>", line 1360, in _find_and_load
  File "<frozen importlib._bootstrap>", line 1324, in _find_and_load_unlocked
ModuleNotFoundError: No module named 'mpf.core.bcp.socket_client'
2026-01-02 09:57:54,961 : INFO : Machine : Starting the main run loop with active modes: []
2026-01-02 09:57:54,961 : WARNING : Machine : Attract mode is not active, game will not be playable. Please check your attract mode configuration.
2026-01-02 09:57:54,961 : INFO : Machine : Shutting down...
2026-01-02 09:57:54,961 : INFO : EventManager : Event: ======'shutdown'====== Args={}
2026-01-02 09:57:55,963 : ERROR : Machine : Runtime Exception
Traceback (most recent call last):
  File "/home/hotsoup/.pyenv/versions/3.12.8/envs/ozzfest/lib/python3.12/site-packages/mpf/core/machine.py", line 810, in _run_loop
    raise self._exception['exception']
  File "/home/hotsoup/.pyenv/versions/3.12.8/lib/python3.12/asyncio/events.py", line 88, in _run
    self._context.run(self._callback, *self._args)
  File "/home/hotsoup/.pyenv/versions/3.12.8/envs/ozzfest/lib/python3.12/site-packages/mpf/core/events.py", line 795, in _queue_task_done
    future.result()
  File "/home/hotsoup/.pyenv/versions/3.12.8/envs/ozzfest/lib/python3.12/site-packages/mpf/core/events.py", line 708, in _run_handlers_sequential
    handler.callback(queue=queue, **merged_kwargs)
  File "/home/hotsoup/.pyenv/versions/3.12.8/envs/ozzfest/lib/python3.12/site-packages/mpf/core/bcp/bcp.py", line 78, in _setup_bcp_connections
    client = Util.string_to_class(settings['type'])(self.machine, name, self.machine.bcp)
             ^^^^^^^^^^^^^^^^^^^^^^^^^^^^^^^^^^^^^^
  File "/home/hotsoup/.pyenv/versions/3.12.8/envs/ozzfest/lib/python3.12/site-packages/mpf/core/utility_functions.py", line 640, in string_to_class
    m = importlib.import_module(module)
        ^^^^^^^^^^^^^^^^^^^^^^^^^^^^^^^
  File "/home/hotsoup/.pyenv/versions/3.12.8/lib/python3.12/importlib/__init__.py", line 90, in import_module
    return _bootstrap._gcd_import(name[level:], package, level)
           ^^^^^^^^^^^^^^^^^^^^^^^^^^^^^^^^^^^^^^^^^^^^^^^^^^^^
  File "<frozen importlib._bootstrap>", line 1387, in _gcd_import
  File "<frozen importlib._bootstrap>", line 1360, in _find_and_load
  File "<frozen importlib._bootstrap>", line 1324, in _find_and_load_unlocked
ModuleNotFoundError: No module named 'mpf.core.bcp.socket_client'
2026-01-02 09:57:55,965 : INFO : root : MPF run loop ended.
