2026-01-01 11:47:07,422 : INFO : root : Loading config.
2026-01-01 11:47:07,424 : INFO : YamlMultifileConfigLoader : Machine config file #1: config.yaml
2026-01-01 11:47:07,424 : WARNING : ConfigProcessor : Config file in cache changed: /home/hotsoup/repos/pinball-soup/ozzfest/config/config.yaml
2026-01-01 11:47:07,424 : INFO : ConfigProcessor : Loading config from file /home/hotsoup/.pyenv/versions/3.12.8/envs/ozzfest/lib/python3.12/site-packages/mpf/mpfconfig.yaml.
2026-01-01 11:47:07,433 : INFO : ConfigProcessor : Loading config: /home/hotsoup/.pyenv/versions/3.12.8/envs/ozzfest/lib/python3.12/site-packages/mpf/mpfconfig.yaml
2026-01-01 11:47:07,434 : INFO : ConfigProcessor : Loading config from file /home/hotsoup/repos/pinball-soup/ozzfest/config/config.yaml.
2026-01-01 11:47:07,445 : INFO : ConfigProcessor : Loading config: /home/hotsoup/repos/pinball-soup/ozzfest/config/config.yaml
2026-01-01 11:47:07,447 : INFO : ConfigProcessor : Config file cache created: /tmp/5527cdf0eba21cb5b62cdbf1412f48ab.mpf_cache
2026-01-01 11:47:07,484 : WARNING : ConfigProcessor : Config file in cache changed: /home/hotsoup/repos/pinball-soup/ozzfest/modes/attract/config/attract.yaml
2026-01-01 11:47:07,484 : INFO : ConfigProcessor : Loading config from file /home/hotsoup/.pyenv/versions/3.12.8/envs/ozzfest/lib/python3.12/site-packages/mpf/modes/attract/config/attract.yaml.
2026-01-01 11:47:07,485 : INFO : ConfigProcessor : Loading config: /home/hotsoup/.pyenv/versions/3.12.8/envs/ozzfest/lib/python3.12/site-packages/mpf/modes/attract/config/attract.yaml
2026-01-01 11:47:07,485 : INFO : ConfigProcessor : Loading config from file /home/hotsoup/repos/pinball-soup/ozzfest/modes/attract/config/attract.yaml.
2026-01-01 11:47:07,486 : INFO : ConfigProcessor : Loading config: /home/hotsoup/repos/pinball-soup/ozzfest/modes/attract/config/attract.yaml
2026-01-01 11:47:07,486 : INFO : ConfigProcessor : Config file cache created: /tmp/ba195dfdf1ea05015ec0aa565015d157.mpf_cache
2026-01-01 11:47:07,486 : INFO : ConfigProcessor : Loading config from cache: /tmp/f57f0537fdc7805225abf9c1a1ee119c.mpf_cache
2026-01-01 11:47:07,486 : INFO : ConfigProcessor : Loading config from cache: /tmp/ba195dfdf1ea05015ec0aa565015d157.mpf_cache
2026-01-01 11:47:07,486 : WARNING : ConfigProcessor : Config file in cache changed: /home/hotsoup/repos/pinball-soup/ozzfest/modes/base/config/base.yaml
2026-01-01 11:47:07,486 : INFO : ConfigProcessor : Loading config from file /home/hotsoup/repos/pinball-soup/ozzfest/modes/base/config/base.yaml.
2026-01-01 11:47:07,489 : INFO : ConfigProcessor : Loading config: /home/hotsoup/repos/pinball-soup/ozzfest/modes/base/config/base.yaml
2026-01-01 11:47:07,489 : INFO : ConfigProcessor : Config file cache created: /tmp/ac54eaf53dec484b1f36e96223ff75e9.mpf_cache
2026-01-01 11:47:07,489 : INFO : ConfigProcessor : Loading config from cache: /tmp/fe5f14ef594c03fb5611c1e920d2be25.mpf_cache
2026-01-01 11:47:07,489 : INFO : ConfigProcessor : Loading config from cache: /tmp/6276d6086c07cc997337f319c85e49db.mpf_cache
2026-01-01 11:47:07,490 : INFO : ConfigProcessor : Loading config from file /home/hotsoup/.pyenv/versions/3.12.8/envs/ozzfest/lib/python3.12/site-packages/mpf/modes/bonus/config/bonus.yaml.
2026-01-01 11:47:07,490 : INFO : ConfigProcessor : Loading config: /home/hotsoup/.pyenv/versions/3.12.8/envs/ozzfest/lib/python3.12/site-packages/mpf/modes/bonus/config/bonus.yaml
2026-01-01 11:47:07,490 : INFO : ConfigProcessor : Loading config from file /home/hotsoup/repos/pinball-soup/ozzfest/modes/bonus/config/bonus.yaml.
2026-01-01 11:47:07,490 : INFO : ConfigProcessor : Loading config: /home/hotsoup/repos/pinball-soup/ozzfest/modes/bonus/config/bonus.yaml
