2026-01-01 12:05:47,778 : INFO : root : Loading config.
2026-01-01 12:05:47,780 : INFO : YamlMultifileConfigLoader : Machine config file #1: config.yaml
2026-01-01 12:05:47,781 : INFO : ConfigProcessor : Loading config from cache: /tmp/5527cdf0eba21cb5b62cdbf1412f48ab.mpf_cache
2026-01-01 12:05:47,822 : INFO : ConfigProcessor : Loading config from cache: /tmp/ba195dfdf1ea05015ec0aa565015d157.mpf_cache
2026-01-01 12:05:47,822 : INFO : ConfigProcessor : Loading config from cache: /tmp/f57f0537fdc7805225abf9c1a1ee119c.mpf_cache
2026-01-01 12:05:47,823 : INFO : ConfigProcessor : Loading config from cache: /tmp/ba195dfdf1ea05015ec0aa565015d157.mpf_cache
2026-01-01 12:05:47,823 : INFO : ConfigProcessor : Loading config from cache: /tmp/ac54eaf53dec484b1f36e96223ff75e9.mpf_cache
2026-01-01 12:05:47,823 : INFO : ConfigProcessor : Loading config from cache: /tmp/fe5f14ef594c03fb5611c1e920d2be25.mpf_cache
2026-01-01 12:05:47,824 : INFO : ConfigProcessor : Loading config from cache: /tmp/6276d6086c07cc997337f319c85e49db.mpf_cache
2026-01-01 12:05:47,824 : INFO : ConfigProcessor : Loading config from file /home/hotsoup/.pyenv/versions/3.12.8/envs/ozzfest/lib/python3.12/site-packages/mpf/modes/bonus/config/bonus.yaml.
2026-01-01 12:05:47,826 : INFO : ConfigProcessor : Loading config: /home/hotsoup/.pyenv/versions/3.12.8/envs/ozzfest/lib/python3.12/site-packages/mpf/modes/bonus/config/bonus.yaml
2026-01-01 12:05:47,826 : INFO : ConfigProcessor : Loading config from file /home/hotsoup/repos/pinball-soup/ozzfest/modes/bonus/config/bonus.yaml.
2026-01-01 12:05:47,827 : INFO : ConfigProcessor : Loading config: /home/hotsoup/repos/pinball-soup/ozzfest/modes/bonus/config/bonus.yaml
2026-01-01 12:05:47,827 : INFO : ConfigProcessor : Config file cache created: /tmp/c094e41fe024d7b15eec3b38569b70a8.mpf_cache
2026-01-01 12:05:47,827 : INFO : ConfigProcessor : Loading config from file /home/hotsoup/repos/pinball-soup/ozzfest/modes/multiball_core/config/multiball_core.yaml.
2026-01-01 12:05:47,828 : INFO : ConfigProcessor : Loading config: /home/hotsoup/repos/pinball-soup/ozzfest/modes/multiball_core/config/multiball_core.yaml
2026-01-01 12:05:47,828 : INFO : ConfigProcessor : Config file cache created: /tmp/4af1932c551eae6d17fcd9051a9ed7e2.mpf_cache
2026-01-01 12:05:47,829 : INFO : ConfigProcessor : Loading config from file /home/hotsoup/repos/pinball-soup/ozzfest/modes/dio/config/dio.yaml.
2026-01-01 12:05:47,829 : INFO : ConfigProcessor : Loading config: /home/hotsoup/repos/pinball-soup/ozzfest/modes/dio/config/dio.yaml
2026-01-01 12:05:47,829 : INFO : ConfigProcessor : Config file cache created: /tmp/e26bcbce20924eebcd28aaf7cbd67347.mpf_cache
2026-01-01 12:05:47,830 : INFO : ConfigProcessor : Loading config from file /home/hotsoup/repos/pinball-soup/ozzfest/modes/meatloaf/config/meatloaf.yaml.
2026-01-01 12:05:47,830 : INFO : ConfigProcessor : Loading config: /home/hotsoup/repos/pinball-soup/ozzfest/modes/meatloaf/config/meatloaf.yaml
2026-01-01 12:05:47,830 : INFO : ConfigProcessor : Config file cache created: /tmp/84547a3e86c6d8bbc6382bc8543834be.mpf_cache
2026-01-01 12:05:47,830 : INFO : ConfigProcessor : Loading config from file /home/hotsoup/repos/pinball-soup/ozzfest/modes/ozzy/config/ozzy.yaml.
2026-01-01 12:05:47,831 : INFO : ConfigProcessor : Loading config: /home/hotsoup/repos/pinball-soup/ozzfest/modes/ozzy/config/ozzy.yaml
2026-01-01 12:05:47,831 : INFO : ConfigProcessor : Config file cache created: /tmp/55480dc30bdfd41d93b37a6dcca6a184.mpf_cache
2026-01-01 12:05:47,831 : INFO : ConfigProcessor : Loading config from file /home/hotsoup/repos/pinball-soup/ozzfest/modes/rob_zombie/config/rob_zombie.yaml.
2026-01-01 12:05:47,832 : INFO : ConfigProcessor : Loading config: /home/hotsoup/repos/pinball-soup/ozzfest/modes/rob_zombie/config/rob_zombie.yaml
2026-01-01 12:05:47,832 : INFO : ConfigProcessor : Config file cache created: /tmp/f54f451608ad210d0560a0f6f0f24980.mpf_cache
2026-01-01 12:05:47,832 : INFO : ConfigProcessor : Loading config from file /home/hotsoup/repos/pinball-soup/ozzfest/modes/rivers/config/rivers.yaml.
2026-01-01 12:05:47,833 : INFO : ConfigProcessor : Loading config: /home/hotsoup/repos/pinball-soup/ozzfest/modes/rivers/config/rivers.yaml
2026-01-01 12:05:47,833 : INFO : ConfigProcessor : Config file cache created: /tmp/3967131bded016b3099a5c98a7500c29.mpf_cache
2026-01-01 12:05:47,833 : INFO : ConfigProcessor : Loading config from file /home/hotsoup/repos/pinball-soup/ozzfest/modes/black_sabbath/config/black_sabbath.yaml.
2026-01-01 12:05:47,834 : INFO : ConfigProcessor : Loading config: /home/hotsoup/repos/pinball-soup/ozzfest/modes/black_sabbath/config/black_sabbath.yaml
2026-01-01 12:05:47,834 : INFO : ConfigProcessor : Config file cache created: /tmp/67b07a9251e0b18722b8536fbbc452a9.mpf_cache
2026-01-01 12:05:47,834 : INFO : ConfigProcessor : Loading config from file /home/hotsoup/repos/pinball-soup/ozzfest/modes/attract/shows/./attract_wave_sweep.yaml.
