2026-01-01 11:58:56,134 : INFO : root : Loading config.
2026-01-01 11:58:56,136 : INFO : YamlMultifileConfigLoader : Machine config file #1: config.yaml
2026-01-01 11:58:56,136 : INFO : ConfigProcessor : Loading config from file /home/hotsoup/.pyenv/versions/3.12.8/envs/ozzy_pinball/lib/python3.12/site-packages/mpf/mpfconfig.yaml.
2026-01-01 11:58:56,145 : INFO : ConfigProcessor : Loading config: /home/hotsoup/.pyenv/versions/3.12.8/envs/ozzy_pinball/lib/python3.12/site-packages/mpf/mpfconfig.yaml
2026-01-01 11:58:56,146 : INFO : ConfigProcessor : Loading config from file /home/hotsoup/repos/pinball-soup/ozzfest/config/config.yaml.
2026-01-01 11:58:56,157 : INFO : ConfigProcessor : Loading config: /home/hotsoup/repos/pinball-soup/ozzfest/config/config.yaml
2026-01-01 11:58:56,158 : INFO : ConfigProcessor : Config file cache created: /tmp/ba7367dcdb1d725a3044f940eceaa678.mpf_cache
2026-01-01 11:58:56,189 : INFO : ConfigProcessor : Loading config from file /home/hotsoup/.pyenv/versions/3.12.8/envs/ozzy_pinball/lib/python3.12/site-packages/mpf/modes/attract/config/attract.yaml.
2026-01-01 11:58:56,189 : INFO : ConfigProcessor : Loading config: /home/hotsoup/.pyenv/versions/3.12.8/envs/ozzy_pinball/lib/python3.12/site-packages/mpf/modes/attract/config/attract.yaml
2026-01-01 11:58:56,189 : INFO : ConfigProcessor : Loading config from file /home/hotsoup/repos/pinball-soup/ozzfest/modes/attract/config/attract.yaml.
2026-01-01 11:58:56,190 : INFO : ConfigProcessor : Loading config: /home/hotsoup/repos/pinball-soup/ozzfest/modes/attract/config/attract.yaml
2026-01-01 11:58:56,190 : INFO : ConfigProcessor : Config file cache created: /tmp/b1bd2087b839206e34ec3a3f6669ff7d.mpf_cache
2026-01-01 11:58:56,190 : INFO : ConfigProcessor : Loading config from cache: /tmp/427f0b7e11e963b34c71de3627e74650.mpf_cache
2026-01-01 11:58:56,190 : INFO : ConfigProcessor : Loading config from cache: /tmp/b1bd2087b839206e34ec3a3f6669ff7d.mpf_cache
2026-01-01 11:58:56,191 : INFO : ConfigProcessor : Loading config from cache: /tmp/ac54eaf53dec484b1f36e96223ff75e9.mpf_cache
2026-01-01 11:58:56,191 : INFO : ConfigProcessor : Loading config from file /home/hotsoup/.pyenv/versions/3.12.8/envs/ozzy_pinball/lib/python3.12/site-packages/mpf/modes/tilt/config/tilt.yaml.
2026-01-01 11:58:56,192 : INFO : ConfigProcessor : Loading config: /home/hotsoup/.pyenv/versions/3.12.8/envs/ozzy_pinball/lib/python3.12/site-packages/mpf/modes/tilt/config/tilt.yaml
2026-01-01 11:58:56,192 : INFO : ConfigProcessor : Loading config from file /home/hotsoup/repos/pinball-soup/ozzfest/modes/tilt/config/tilt.yaml.
2026-01-01 11:58:56,192 : INFO : ConfigProcessor : Loading config: /home/hotsoup/repos/pinball-soup/ozzfest/modes/tilt/config/tilt.yaml
2026-01-01 11:58:56,192 : INFO : ConfigProcessor : Config file cache created: /tmp/ea09c3b4273eb906f935f1c052ac3958.mpf_cache
2026-01-01 11:58:56,193 : INFO : ConfigProcessor : Loading config from cache: /tmp/6276d6086c07cc997337f319c85e49db.mpf_cache
2026-01-01 11:58:56,194 : INFO : ConfigProcessor : Loading config from file /home/hotsoup/.pyenv/versions/3.12.8/envs/ozzy_pinball/lib/python3.12/site-packages/mpf/modes/bonus/config/bonus.yaml.
2026-01-01 11:58:56,194 : INFO : ConfigProcessor : Loading config: /home/hotsoup/.pyenv/versions/3.12.8/envs/ozzy_pinball/lib/python3.12/site-packages/mpf/modes/bonus/config/bonus.yaml
2026-01-01 11:58:56,195 : INFO : ConfigProcessor : Loading config from file /home/hotsoup/repos/pinball-soup/ozzfest/modes/bonus/config/bonus.yaml.
2026-01-01 11:58:56,195 : INFO : ConfigProcessor : Loading config: /home/hotsoup/repos/pinball-soup/ozzfest/modes/bonus/config/bonus.yaml
