2026-01-02 09:39:35,005 : INFO : root : Loading config.
2026-01-02 09:39:35,007 : INFO : YamlMultifileConfigLoader : Machine config file #1: config.yaml
2026-01-02 09:39:35,008 : INFO : ConfigProcessor : Loading config from cache: /tmp/5527cdf0eba21cb5b62cdbf1412f48ab.mpf_cache
2026-01-02 09:39:35,044 : INFO : ConfigProcessor : Loading config from cache: /tmp/ba195dfdf1ea05015ec0aa565015d157.mpf_cache
2026-01-02 09:39:35,045 : INFO : ConfigProcessor : Loading config from cache: /tmp/f57f0537fdc7805225abf9c1a1ee119c.mpf_cache
2026-01-02 09:39:35,045 : INFO : ConfigProcessor : Loading config from cache: /tmp/ba195dfdf1ea05015ec0aa565015d157.mpf_cache
2026-01-02 09:39:35,045 : INFO : ConfigProcessor : Loading config from cache: /tmp/ac54eaf53dec484b1f36e96223ff75e9.mpf_cache
2026-01-02 09:39:35,046 : INFO : ConfigProcessor : Loading config from cache: /tmp/fe5f14ef594c03fb5611c1e920d2be25.mpf_cache
2026-01-02 09:39:35,046 : INFO : ConfigProcessor : Loading config from cache: /tmp/6276d6086c07cc997337f319c85e49db.mpf_cache
2026-01-02 09:39:35,047 : INFO : ConfigProcessor : Loading config from cache: /tmp/c094e41fe024d7b15eec3b38569b70a8.mpf_cache
2026-01-02 09:39:35,047 : INFO : ConfigProcessor : Loading config from cache: /tmp/4af1932c551eae6d17fcd9051a9ed7e2.mpf_cache
2026-01-02 09:39:35,047 : WARNING : ConfigProcessor : Config file in cache changed: /home/hotsoup/repos/pinball-soup/ozzfest/modes/dio/config/dio.yaml
2026-01-02 09:39:35,047 : INFO : ConfigProcessor : Loading config from file /home/hotsoup/repos/pinball-soup/ozzfest/modes/dio/config/dio.yaml.
2026-01-02 09:39:35,050 : INFO : ConfigProcessor : Loading config: /home/hotsoup/repos/pinball-soup/ozzfest/modes/dio/config/dio.yaml
2026-01-02 09:39:35,051 : INFO : ConfigProcessor : Config file cache created: /tmp/e26bcbce20924eebcd28aaf7cbd67347.mpf_cache
2026-01-02 09:39:35,051 : WARNING : ConfigProcessor : Config file in cache changed: /home/hotsoup/repos/pinball-soup/ozzfest/modes/meatloaf/config/meatloaf.yaml
2026-01-02 09:39:35,051 : INFO : ConfigProcessor : Loading config from file /home/hotsoup/repos/pinball-soup/ozzfest/modes/meatloaf/config/meatloaf.yaml.
2026-01-02 09:39:35,053 : INFO : ConfigProcessor : Loading config: /home/hotsoup/repos/pinball-soup/ozzfest/modes/meatloaf/config/meatloaf.yaml
2026-01-02 09:39:35,053 : INFO : ConfigProcessor : Config file cache created: /tmp/84547a3e86c6d8bbc6382bc8543834be.mpf_cache
2026-01-02 09:39:35,053 : WARNING : ConfigProcessor : Config file in cache changed: /home/hotsoup/repos/pinball-soup/ozzfest/modes/ozzy/config/ozzy.yaml
2026-01-02 09:39:35,053 : INFO : ConfigProcessor : Loading config from file /home/hotsoup/repos/pinball-soup/ozzfest/modes/ozzy/config/ozzy.yaml.
2026-01-02 09:39:35,054 : INFO : ConfigProcessor : Loading config: /home/hotsoup/repos/pinball-soup/ozzfest/modes/ozzy/config/ozzy.yaml
2026-01-02 09:39:35,055 : INFO : ConfigProcessor : Config file cache created: /tmp/55480dc30bdfd41d93b37a6dcca6a184.mpf_cache
2026-01-02 09:39:35,055 : WARNING : ConfigProcessor : Config file in cache changed: /home/hotsoup/repos/pinball-soup/ozzfest/modes/rob_zombie/config/rob_zombie.yaml
2026-01-02 09:39:35,055 : INFO : ConfigProcessor : Loading config from file /home/hotsoup/repos/pinball-soup/ozzfest/modes/rob_zombie/config/rob_zombie.yaml.
2026-01-02 09:39:35,056 : INFO : ConfigProcessor : Loading config: /home/hotsoup/repos/pinball-soup/ozzfest/modes/rob_zombie/config/rob_zombie.yaml
2026-01-02 09:39:35,056 : INFO : ConfigProcessor : Config file cache created: /tmp/f54f451608ad210d0560a0f6f0f24980.mpf_cache
2026-01-02 09:39:35,056 : WARNING : ConfigProcessor : Config file in cache changed: /home/hotsoup/repos/pinball-soup/ozzfest/modes/rivers/config/rivers.yaml
2026-01-02 09:39:35,056 : INFO : ConfigProcessor : Loading config from file /home/hotsoup/repos/pinball-soup/ozzfest/modes/rivers/config/rivers.yaml.
2026-01-02 09:39:35,057 : INFO : ConfigProcessor : Loading config: /home/hotsoup/repos/pinball-soup/ozzfest/modes/rivers/config/rivers.yaml
2026-01-02 09:39:35,057 : INFO : ConfigProcessor : Config file cache created: /tmp/3967131bded016b3099a5c98a7500c29.mpf_cache
2026-01-02 09:39:35,058 : INFO : ConfigProcessor : Loading config from cache: /tmp/67b07a9251e0b18722b8536fbbc452a9.mpf_cache
2026-01-02 09:39:35,058 : INFO : ConfigProcessor : Loading config from cache: /tmp/2be5cec3ce49c331e603f3f334d07368.mpf_cache
2026-01-02 09:39:35,059 : INFO : Machine : Mission Pinball Framework Core Engine v0.80.0.dev11
2026-01-02 09:39:35,059 : INFO : Machine : Command line arguments: {'no_load_cache': False, 'create_config_cache': True, 'bcp': True, 'configfile': ['config.yaml'], 'force_assets_load': False, 'platform_integration_test': False, 'jsonlogging': False, 'logfile': 'logs/2026-01-02-09-39-35-mpf-fedora.log', 'pause': False, 'production': False, 'text_ui': True, 'loglevel': 15, 'consoleloglevel': 20, 'force_platform': 'smart_virtual', 'syslog_address': None, 'full_logfile_path': '/home/hotsoup/repos/pinball-soup/ozzfest/logs/2026-01-02-09-39-35-mpf-fedora.log'}
2026-01-02 09:39:35,059 : INFO : Machine : MPF path: /home/hotsoup/.pyenv/versions/3.12.8/envs/ozzfest/lib/python3.12/site-packages/mpf
2026-01-02 09:39:35,059 : INFO : Machine : Machine path: /home/hotsoup/repos/pinball-soup/ozzfest
2026-01-02 09:39:35,059 : INFO : Machine : Platform: linux
2026-01-02 09:39:35,059 : INFO : Machine : Python executable location: /home/hotsoup/.pyenv/versions/3.12.8/envs/ozzfest/bin/python
2026-01-02 09:39:35,059 : INFO : Machine : Python version: 3.12.8 (64-bit)
2026-01-02 09:39:35,060 : INFO : Machine : Initializing MPF...
2026-01-02 09:39:35,111 : INFO : EventManager : Event: ======'machine_var_credits_string'====== Args={'value': 'FREE PLAY', 'prev_value': None, 'change': True}
2026-01-02 09:39:35,124 : INFO : EventManager : Event: ======'machine_var_high_score'====== Args={'value': 2000000, 'prev_value': None, 'change': True}
2026-01-02 09:39:35,124 : INFO : EventManager : Event: ======'machine_var_master_volume'====== Args={'value': 0.5, 'prev_value': None, 'change': True}
2026-01-02 09:39:35,125 : INFO : EventManager : Event: ======'machine_var_mpf_version'====== Args={'value': 'Mission Pinball Framework v0.80.0.dev11', 'prev_value': None, 'change': True}
2026-01-02 09:39:35,125 : INFO : EventManager : Event: ======'machine_var_mpf_extended_version'====== Args={'value': 'Mission Pinball Framework v0.80.0.dev11, Config version:6, Show version: 6, BCP version:1.1', 'prev_value': None, 'change': True}
2026-01-02 09:39:35,125 : INFO : EventManager : Event: ======'machine_var_python_version'====== Args={'value': '3.12.8', 'prev_value': None, 'change': True}
2026-01-02 09:39:35,129 : INFO : EventManager : Event: ======'machine_var_platform'====== Args={'value': 'Linux-6.17.12-300.fc43.x86_64-x86_64-with-glibc2.42', 'prev_value': None, 'change': True}
2026-01-02 09:39:35,129 : INFO : EventManager : Event: ======'machine_var_platform_system'====== Args={'value': 'Linux', 'prev_value': None, 'change': True}
2026-01-02 09:39:35,129 : INFO : EventManager : Event: ======'machine_var_platform_release'====== Args={'value': '6.17.12-300.fc43.x86_64', 'prev_value': None, 'change': True}
2026-01-02 09:39:35,130 : INFO : EventManager : Event: ======'machine_var_platform_version'====== Args={'value': '#1 SMP PREEMPT_DYNAMIC Sat Dec 13 05:06:24 UTC 2025', 'prev_value': None, 'change': True}
2026-01-02 09:39:35,130 : INFO : EventManager : Event: ======'machine_var_platform_machine'====== Args={'value': 'x86_64', 'prev_value': None, 'change': True}
2026-01-02 09:39:35,130 : INFO : EventManager : Event: ======'machine_var_log_file_path'====== Args={'value': '/home/hotsoup/repos/pinball-soup/ozzfest/logs/2026-01-02-09-39-35-mpf-fedora.log', 'prev_value': None, 'change': True}
2026-01-02 09:39:35,130 : INFO : EventManager : Event: ======'init_phase_1'====== Args={}
2026-01-02 09:39:35,168 : WARNING : segment_display.info_display : Segment display update_method will default to 'replace' in a future MPF release. You have no config value specified and are currently getting 'stack' for backwards compatibility. To avoid a breaking change, please set 'update_method: "stack"' in your segment display config.
2026-01-02 09:39:35,168 : WARNING : segment_display.player1_display : Segment display update_method will default to 'replace' in a future MPF release. You have no config value specified and are currently getting 'stack' for backwards compatibility. To avoid a breaking change, please set 'update_method: "stack"' in your segment display config.
2026-01-02 09:39:35,168 : WARNING : segment_display.player2_display : Segment display update_method will default to 'replace' in a future MPF release. You have no config value specified and are currently getting 'stack' for backwards compatibility. To avoid a breaking change, please set 'update_method: "stack"' in your segment display config.
2026-01-02 09:39:35,168 : WARNING : segment_display.player3_display : Segment display update_method will default to 'replace' in a future MPF release. You have no config value specified and are currently getting 'stack' for backwards compatibility. To avoid a breaking change, please set 'update_method: "stack"' in your segment display config.
2026-01-02 09:39:35,168 : WARNING : segment_display.player4_display : Segment display update_method will default to 'replace' in a future MPF release. You have no config value specified and are currently getting 'stack' for backwards compatibility. To avoid a breaking change, please set 'update_method: "stack"' in your segment display config.
2026-01-02 09:39:35,183 : INFO : EventManager : Event: ======'drop_target_bank_right_threebank_up'====== Args={}
2026-01-02 09:39:35,184 : INFO : EventManager : Event: ======'drop_target_bank_left_threebank_up'====== Args={}
2026-01-02 09:39:35,184 : INFO : EventManager : Event: ======'drop_target_bank_fivebank_inline_up'====== Args={}
2026-01-02 09:39:35,189 : INFO : EventManager : Event: ======'init_phase_2'====== Args={}
2026-01-02 09:39:35,189 : INFO : SwitchController : Found active switch: ('9', <Platform.SmartVirtual>) <switch.s_right_ball_trough>
2026-01-02 09:39:35,189 : INFO : SwitchController : Found active switch: ('10', <Platform.SmartVirtual>) <switch.s_left_ball_trough>
2026-01-02 09:39:35,206 : INFO : EventManager : Event: ======'bcp_connection_attempt'====== Args={'name': 'local_display', 'host': 'localhost', 'port': 5050}
2026-01-02 09:39:35,208 : INFO : BCPClientSocket : Connecting BCP to 'local_display' at localhost:5050...
2026-01-02 09:39:41,666 : INFO : Machine : Starting the main run loop with active modes: []
2026-01-02 09:39:41,666 : WARNING : Machine : Attract mode is not active, game will not be playable. Please check your attract mode configuration.
2026-01-02 09:39:41,667 : INFO : Machine : Shutting down...
2026-01-02 09:39:41,667 : INFO : EventManager : Event: ======'shutdown'====== Args={}
2026-01-02 09:39:42,669 : INFO : root : MPF run loop ended.
