2026-01-02 10:21:27,200 : INFO : root : Loading config.
2026-01-02 10:21:27,202 : INFO : YamlMultifileConfigLoader : Machine config file #1: config.yaml
2026-01-02 10:21:27,203 : WARNING : ConfigProcessor : Config file in cache changed: /home/hotsoup/repos/pinball-soup/ozzfest/config/config.yaml
2026-01-02 10:21:27,203 : INFO : ConfigProcessor : Loading config from file /home/hotsoup/.pyenv/versions/3.12.8/envs/ozzfest/lib/python3.12/site-packages/mpf/mpfconfig.yaml.
2026-01-02 10:21:27,215 : INFO : ConfigProcessor : Loading config: /home/hotsoup/.pyenv/versions/3.12.8/envs/ozzfest/lib/python3.12/site-packages/mpf/mpfconfig.yaml
2026-01-02 10:21:27,215 : INFO : ConfigProcessor : Loading config from file /home/hotsoup/repos/pinball-soup/ozzfest/config/config.yaml.
2026-01-02 10:21:27,231 : INFO : ConfigProcessor : Loading config: /home/hotsoup/repos/pinball-soup/ozzfest/config/config.yaml
2026-01-02 10:21:27,233 : INFO : ConfigProcessor : Config file cache created: /tmp/5527cdf0eba21cb5b62cdbf1412f48ab.mpf_cache
2026-01-02 10:21:27,278 : INFO : ConfigProcessor : Loading config from cache: /tmp/ba195dfdf1ea05015ec0aa565015d157.mpf_cache
2026-01-02 10:21:27,279 : INFO : ConfigProcessor : Loading config from cache: /tmp/f57f0537fdc7805225abf9c1a1ee119c.mpf_cache
2026-01-02 10:21:27,279 : INFO : ConfigProcessor : Loading config from cache: /tmp/ba195dfdf1ea05015ec0aa565015d157.mpf_cache
2026-01-02 10:21:27,280 : INFO : ConfigProcessor : Loading config from cache: /tmp/ac54eaf53dec484b1f36e96223ff75e9.mpf_cache
2026-01-02 10:21:27,281 : INFO : ConfigProcessor : Loading config from cache: /tmp/fe5f14ef594c03fb5611c1e920d2be25.mpf_cache
2026-01-02 10:21:27,281 : INFO : ConfigProcessor : Loading config from cache: /tmp/6276d6086c07cc997337f319c85e49db.mpf_cache
2026-01-02 10:21:27,281 : INFO : ConfigProcessor : Loading config from cache: /tmp/c094e41fe024d7b15eec3b38569b70a8.mpf_cache
2026-01-02 10:21:27,282 : INFO : ConfigProcessor : Loading config from cache: /tmp/4af1932c551eae6d17fcd9051a9ed7e2.mpf_cache
2026-01-02 10:21:27,282 : INFO : ConfigProcessor : Loading config from cache: /tmp/e26bcbce20924eebcd28aaf7cbd67347.mpf_cache
2026-01-02 10:21:27,282 : INFO : ConfigProcessor : Loading config from cache: /tmp/84547a3e86c6d8bbc6382bc8543834be.mpf_cache
2026-01-02 10:21:27,282 : INFO : ConfigProcessor : Loading config from cache: /tmp/55480dc30bdfd41d93b37a6dcca6a184.mpf_cache
2026-01-02 10:21:27,283 : INFO : ConfigProcessor : Loading config from cache: /tmp/f54f451608ad210d0560a0f6f0f24980.mpf_cache
2026-01-02 10:21:27,283 : INFO : ConfigProcessor : Loading config from cache: /tmp/3967131bded016b3099a5c98a7500c29.mpf_cache
2026-01-02 10:21:27,283 : INFO : ConfigProcessor : Loading config from cache: /tmp/67b07a9251e0b18722b8536fbbc452a9.mpf_cache
2026-01-02 10:21:27,284 : INFO : ConfigProcessor : Loading config from cache: /tmp/2be5cec3ce49c331e603f3f334d07368.mpf_cache
2026-01-02 10:21:27,284 : INFO : Machine : Mission Pinball Framework Core Engine v0.80.0.dev11
2026-01-02 10:21:27,284 : INFO : Machine : Command line arguments: {'no_load_cache': False, 'create_config_cache': True, 'bcp': True, 'configfile': ['config.yaml'], 'force_assets_load': False, 'platform_integration_test': False, 'jsonlogging': False, 'logfile': 'logs/2026-01-02-10-21-27-mpf-fedora.log', 'pause': False, 'production': False, 'text_ui': True, 'loglevel': 15, 'consoleloglevel': 20, 'force_platform': 'smart_virtual', 'syslog_address': None, 'full_logfile_path': '/home/hotsoup/repos/pinball-soup/ozzfest/logs/2026-01-02-10-21-27-mpf-fedora.log'}
2026-01-02 10:21:27,284 : INFO : Machine : MPF path: /home/hotsoup/.pyenv/versions/3.12.8/envs/ozzfest/lib/python3.12/site-packages/mpf
2026-01-02 10:21:27,284 : INFO : Machine : Machine path: /home/hotsoup/repos/pinball-soup/ozzfest
2026-01-02 10:21:27,284 : INFO : Machine : Platform: linux
2026-01-02 10:21:27,285 : INFO : Machine : Python executable location: /home/hotsoup/.pyenv/versions/3.12.8/envs/ozzfest/bin/python
2026-01-02 10:21:27,285 : INFO : Machine : Python version: 3.12.8 (64-bit)
2026-01-02 10:21:27,285 : INFO : Machine : Initializing MPF...
2026-01-02 10:21:27,350 : INFO : EventManager : Event: ======'machine_var_credits_string'====== Args={'value': 'FREE PLAY', 'prev_value': None, 'change': True}
2026-01-02 10:21:27,365 : INFO : EventManager : Event: ======'machine_var_high_score'====== Args={'value': 2000000, 'prev_value': None, 'change': True}
2026-01-02 10:21:27,365 : INFO : EventManager : Event: ======'machine_var_master_volume'====== Args={'value': 0.5, 'prev_value': None, 'change': True}
2026-01-02 10:21:27,365 : INFO : EventManager : Event: ======'machine_var_mpf_version'====== Args={'value': 'Mission Pinball Framework v0.80.0.dev11', 'prev_value': None, 'change': True}
2026-01-02 10:21:27,365 : INFO : EventManager : Event: ======'machine_var_mpf_extended_version'====== Args={'value': 'Mission Pinball Framework v0.80.0.dev11, Config version:6, Show version: 6, BCP version:1.1', 'prev_value': None, 'change': True}
2026-01-02 10:21:27,365 : INFO : EventManager : Event: ======'machine_var_python_version'====== Args={'value': '3.12.8', 'prev_value': None, 'change': True}
2026-01-02 10:21:27,367 : INFO : EventManager : Event: ======'machine_var_platform'====== Args={'value': 'Linux-6.17.12-300.fc43.x86_64-x86_64-with-glibc2.42', 'prev_value': None, 'change': True}
2026-01-02 10:21:27,367 : INFO : EventManager : Event: ======'machine_var_platform_system'====== Args={'value': 'Linux', 'prev_value': None, 'change': True}
2026-01-02 10:21:27,367 : INFO : EventManager : Event: ======'machine_var_platform_release'====== Args={'value': '6.17.12-300.fc43.x86_64', 'prev_value': None, 'change': True}
2026-01-02 10:21:27,367 : INFO : EventManager : Event: ======'machine_var_platform_version'====== Args={'value': '#1 SMP PREEMPT_DYNAMIC Sat Dec 13 05:06:24 UTC 2025', 'prev_value': None, 'change': True}
2026-01-02 10:21:27,367 : INFO : EventManager : Event: ======'machine_var_platform_machine'====== Args={'value': 'x86_64', 'prev_value': None, 'change': True}
2026-01-02 10:21:27,367 : INFO : EventManager : Event: ======'machine_var_log_file_path'====== Args={'value': '/home/hotsoup/repos/pinball-soup/ozzfest/logs/2026-01-02-10-21-27-mpf-fedora.log', 'prev_value': None, 'change': True}
2026-01-02 10:21:27,367 : INFO : EventManager : Event: ======'init_phase_1'====== Args={}
2026-01-02 10:21:27,406 : INFO : EventManager : Event: ======'drop_target_bank_right_threebank_up'====== Args={}
2026-01-02 10:21:27,406 : INFO : EventManager : Event: ======'drop_target_bank_left_threebank_up'====== Args={}
2026-01-02 10:21:27,406 : INFO : EventManager : Event: ======'drop_target_bank_fivebank_inline_up'====== Args={}
2026-01-02 10:21:27,409 : INFO : EventManager : Event: ======'init_phase_2'====== Args={}
2026-01-02 10:21:27,409 : INFO : SwitchController : Found active switch: ('9', <Platform.SmartVirtual>) <switch.s_right_ball_trough>
2026-01-02 10:21:27,409 : INFO : SwitchController : Found active switch: ('10', <Platform.SmartVirtual>) <switch.s_left_ball_trough>
2026-01-02 10:21:27,422 : INFO : EventManager : Event: ======'bcp_connection_attempt'====== Args={'name': 'local_display', 'host': 'localhost', 'port': 5050}
2026-01-02 10:21:27,423 : INFO : BCPClientSocket : Connecting BCP to 'local_display' at localhost:5050...
2026-01-02 10:21:27,834 : INFO : BCPClientSocket : Connected BCP to 'local_display' localhost:5050
2026-01-02 10:21:27,835 : INFO : EventManager : Event: ======'bcp_clients_connected'====== Args={}
2026-01-02 10:21:27,837 : INFO : ball_device.bd_trough : BCH: Initial count: 2
2026-01-02 10:21:27,838 : INFO : ball_device.bd_trough : State: idle
2026-01-02 10:21:27,839 : INFO : ball_device.bd_shooter_lane : BCH: Initial count: 0
2026-01-02 10:21:27,839 : INFO : ball_device.bd_shooter_lane : State: idle
2026-01-02 10:21:27,839 : INFO : ball_device.bd_outhole : BCH: Initial count: 0
2026-01-02 10:21:27,839 : INFO : ball_device.bd_outhole : State: idle
2026-01-02 10:21:27,839 : INFO : ball_device.bd_upper_ball_popper : BCH: Initial count: 0
2026-01-02 10:21:27,839 : INFO : ball_device.bd_upper_ball_popper : State: idle
2026-01-02 10:21:27,840 : INFO : ball_device.bd_lower_ball_popper : BCH: Initial count: 0
2026-01-02 10:21:27,840 : INFO : ball_device.bd_lower_ball_popper : State: idle
2026-01-02 10:21:27,868 : INFO : EventManager : Event: ======'init_phase_3'====== Args={}
2026-01-02 10:21:27,875 : INFO : EventManager : Event: ======'init_phase_4'====== Args={}
2026-01-02 10:21:27,876 : INFO : BallController : Initial balls found: 2
2026-01-02 10:21:27,877 : INFO : EventManager : Event: ======'machine_var_audits_events_game_ended'====== Args={'value': 0, 'prev_value': None, 'change': True}
2026-01-02 10:21:27,877 : INFO : EventManager : Event: ======'machine_var_audits_events_game_started'====== Args={'value': 5, 'prev_value': None, 'change': True}
2026-01-02 10:21:27,877 : INFO : EventManager : Event: ======'machine_var_audits_missing_switches_s_ball_roll_tilt'====== Args={'value': 5, 'prev_value': None, 'change': True}
2026-01-02 10:21:27,877 : INFO : EventManager : Event: ======'machine_var_audits_missing_switches_s_coin_chute_center'====== Args={'value': 5, 'prev_value': None, 'change': True}
2026-01-02 10:21:27,877 : INFO : EventManager : Event: ======'machine_var_audits_missing_switches_s_coin_chute_left'====== Args={'value': 5, 'prev_value': None, 'change': True}
2026-01-02 10:21:27,877 : INFO : EventManager : Event: ======'machine_var_audits_missing_switches_s_coin_chute_right'====== Args={'value': 5, 'prev_value': None, 'change': True}
2026-01-02 10:21:27,877 : INFO : EventManager : Event: ======'machine_var_audits_missing_switches_s_fivebank_drop_center'====== Args={'value': 5, 'prev_value': None, 'change': True}
2026-01-02 10:21:27,877 : INFO : EventManager : Event: ======'machine_var_audits_missing_switches_s_fivebank_drop_left'====== Args={'value': 5, 'prev_value': None, 'change': True}
2026-01-02 10:21:27,877 : INFO : EventManager : Event: ======'machine_var_audits_missing_switches_s_fivebank_drop_left_mid'====== Args={'value': 5, 'prev_value': None, 'change': True}
2026-01-02 10:21:27,877 : INFO : EventManager : Event: ======'machine_var_audits_missing_switches_s_fivebank_drop_right'====== Args={'value': 5, 'prev_value': None, 'change': True}
2026-01-02 10:21:27,877 : INFO : EventManager : Event: ======'machine_var_audits_missing_switches_s_fivebank_drop_right_mid'====== Args={'value': 5, 'prev_value': None, 'change': True}
2026-01-02 10:21:27,877 : INFO : EventManager : Event: ======'machine_var_audits_missing_switches_s_high_score_reset'====== Args={'value': 5, 'prev_value': None, 'change': True}
2026-01-02 10:21:27,877 : INFO : EventManager : Event: ======'machine_var_audits_missing_switches_s_left_magnet_button'====== Args={'value': 4, 'prev_value': None, 'change': True}
2026-01-02 10:21:27,877 : INFO : EventManager : Event: ======'machine_var_audits_missing_switches_s_left_outlane'====== Args={'value': 5, 'prev_value': None, 'change': True}
2026-01-02 10:21:27,877 : INFO : EventManager : Event: ======'machine_var_audits_missing_switches_s_left_slingshot'====== Args={'value': 5, 'prev_value': None, 'change': True}
2026-01-02 10:21:27,878 : INFO : EventManager : Event: ======'machine_var_audits_missing_switches_s_left_standup'====== Args={'value': 5, 'prev_value': None, 'change': True}
2026-01-02 10:21:27,878 : INFO : EventManager : Event: ======'machine_var_audits_missing_switches_s_left_threebank_center'====== Args={'value': 5, 'prev_value': None, 'change': True}
2026-01-02 10:21:27,878 : INFO : EventManager : Event: ======'machine_var_audits_missing_switches_s_left_threebank_lower'====== Args={'value': 5, 'prev_value': None, 'change': True}
2026-01-02 10:21:27,878 : INFO : EventManager : Event: ======'machine_var_audits_missing_switches_s_left_threebank_upper'====== Args={'value': 5, 'prev_value': None, 'change': True}
2026-01-02 10:21:27,878 : INFO : EventManager : Event: ======'machine_var_audits_missing_switches_s_lower_ball_popper'====== Args={'value': 4, 'prev_value': None, 'change': True}
2026-01-02 10:21:27,878 : INFO : EventManager : Event: ======'machine_var_audits_missing_switches_s_one_target'====== Args={'value': 5, 'prev_value': None, 'change': True}
2026-01-02 10:21:27,878 : INFO : EventManager : Event: ======'machine_var_audits_missing_switches_s_playfield_entry_gate'====== Args={'value': 5, 'prev_value': None, 'change': True}
2026-01-02 10:21:27,878 : INFO : EventManager : Event: ======'machine_var_audits_missing_switches_s_playfield_tilt'====== Args={'value': 5, 'prev_value': None, 'change': True}
2026-01-02 10:21:27,878 : INFO : EventManager : Event: ======'machine_var_audits_missing_switches_s_plumb_bob_tilt'====== Args={'value': 5, 'prev_value': None, 'change': True}
2026-01-02 10:21:27,878 : INFO : EventManager : Event: ======'machine_var_audits_missing_switches_s_right_magnet_button'====== Args={'value': 4, 'prev_value': None, 'change': True}
2026-01-02 10:21:27,878 : INFO : EventManager : Event: ======'machine_var_audits_missing_switches_s_right_outlane'====== Args={'value': 5, 'prev_value': None, 'change': True}
2026-01-02 10:21:27,878 : INFO : EventManager : Event: ======'machine_var_audits_missing_switches_s_right_slingshot'====== Args={'value': 5, 'prev_value': None, 'change': True}
2026-01-02 10:21:27,878 : INFO : EventManager : Event: ======'machine_var_audits_missing_switches_s_right_standup'====== Args={'value': 5, 'prev_value': None, 'change': True}
2026-01-02 10:21:27,878 : INFO : EventManager : Event: ======'machine_var_audits_missing_switches_s_right_threebank_center'====== Args={'value': 5, 'prev_value': None, 'change': True}
2026-01-02 10:21:27,878 : INFO : EventManager : Event: ======'machine_var_audits_missing_switches_s_right_threebank_lower'====== Args={'value': 5, 'prev_value': None, 'change': True}
2026-01-02 10:21:27,878 : INFO : EventManager : Event: ======'machine_var_audits_missing_switches_s_right_threebank_upper'====== Args={'value': 5, 'prev_value': None, 'change': True}
2026-01-02 10:21:27,878 : INFO : EventManager : Event: ======'machine_var_audits_missing_switches_s_rollover_4'====== Args={'value': 5, 'prev_value': None, 'change': True}
2026-01-02 10:21:27,879 : INFO : EventManager : Event: ======'machine_var_audits_missing_switches_s_rollover_5'====== Args={'value': 5, 'prev_value': None, 'change': True}
2026-01-02 10:21:27,879 : INFO : EventManager : Event: ======'machine_var_audits_missing_switches_s_rollover_l'====== Args={'value': 5, 'prev_value': None, 'change': True}
2026-01-02 10:21:27,879 : INFO : EventManager : Event: ======'machine_var_audits_missing_switches_s_rollover_o'====== Args={'value': 5, 'prev_value': None, 'change': True}
2026-01-02 10:21:27,879 : INFO : EventManager : Event: ======'machine_var_audits_missing_switches_s_rollover_r'====== Args={'value': 4, 'prev_value': None, 'change': True}
2026-01-02 10:21:27,879 : INFO : EventManager : Event: ======'machine_var_audits_missing_switches_s_slam_tilt'====== Args={'value': 5, 'prev_value': None, 'change': True}
2026-01-02 10:21:27,879 : INFO : EventManager : Event: ======'machine_var_audits_missing_switches_s_start_button'====== Args={'value': 5, 'prev_value': None, 'change': True}
2026-01-02 10:21:27,879 : INFO : EventManager : Event: ======'machine_var_audits_missing_switches_s_three_target'====== Args={'value': 5, 'prev_value': None, 'change': True}
2026-01-02 10:21:27,879 : INFO : EventManager : Event: ======'machine_var_audits_missing_switches_s_turnaround_lower_rollover'====== Args={'value': 5, 'prev_value': None, 'change': True}
2026-01-02 10:21:27,879 : INFO : EventManager : Event: ======'machine_var_audits_missing_switches_s_turnaround_upper_rollover'====== Args={'value': 5, 'prev_value': None, 'change': True}
2026-01-02 10:21:27,879 : INFO : EventManager : Event: ======'machine_var_audits_missing_switches_s_two_target'====== Args={'value': 5, 'prev_value': None, 'change': True}
2026-01-02 10:21:27,879 : INFO : EventManager : Event: ======'machine_var_audits_missing_switches_s_unused_11'====== Args={'value': 5, 'prev_value': None, 'change': True}
2026-01-02 10:21:27,879 : INFO : EventManager : Event: ======'machine_var_audits_missing_switches_s_unused_48'====== Args={'value': 5, 'prev_value': None, 'change': True}
2026-01-02 10:21:27,879 : INFO : EventManager : Event: ======'machine_var_audits_missing_switches_s_unused_51'====== Args={'value': 5, 'prev_value': None, 'change': True}
2026-01-02 10:21:27,879 : INFO : EventManager : Event: ======'machine_var_audits_missing_switches_s_unused_52'====== Args={'value': 5, 'prev_value': None, 'change': True}
2026-01-02 10:21:27,879 : INFO : EventManager : Event: ======'machine_var_audits_missing_switches_s_unused_53'====== Args={'value': 5, 'prev_value': None, 'change': True}
2026-01-02 10:21:27,879 : INFO : EventManager : Event: ======'machine_var_audits_missing_switches_s_unused_54'====== Args={'value': 5, 'prev_value': None, 'change': True}
2026-01-02 10:21:27,879 : INFO : EventManager : Event: ======'machine_var_audits_missing_switches_s_unused_55'====== Args={'value': 5, 'prev_value': None, 'change': True}
2026-01-02 10:21:27,880 : INFO : EventManager : Event: ======'machine_var_audits_missing_switches_s_unused_56'====== Args={'value': 5, 'prev_value': None, 'change': True}
2026-01-02 10:21:27,880 : INFO : EventManager : Event: ======'machine_var_audits_missing_switches_s_unused_57'====== Args={'value': 5, 'prev_value': None, 'change': True}
2026-01-02 10:21:27,880 : INFO : EventManager : Event: ======'machine_var_audits_missing_switches_s_unused_58'====== Args={'value': 5, 'prev_value': None, 'change': True}
2026-01-02 10:21:27,880 : INFO : EventManager : Event: ======'machine_var_audits_missing_switches_s_unused_59'====== Args={'value': 5, 'prev_value': None, 'change': True}
2026-01-02 10:21:27,880 : INFO : EventManager : Event: ======'machine_var_audits_missing_switches_s_unused_60'====== Args={'value': 5, 'prev_value': None, 'change': True}
2026-01-02 10:21:27,880 : INFO : EventManager : Event: ======'machine_var_audits_missing_switches_s_unused_61'====== Args={'value': 5, 'prev_value': None, 'change': True}
2026-01-02 10:21:27,880 : INFO : EventManager : Event: ======'machine_var_audits_missing_switches_s_unused_62'====== Args={'value': 5, 'prev_value': None, 'change': True}
2026-01-02 10:21:27,880 : INFO : EventManager : Event: ======'machine_var_audits_missing_switches_s_unused_63'====== Args={'value': 5, 'prev_value': None, 'change': True}
2026-01-02 10:21:27,880 : INFO : EventManager : Event: ======'machine_var_audits_missing_switches_s_unused_64'====== Args={'value': 5, 'prev_value': None, 'change': True}
2026-01-02 10:21:27,880 : INFO : EventManager : Event: ======'machine_var_audits_missing_switches_s_upper_ball_popper'====== Args={'value': 5, 'prev_value': None, 'change': True}
2026-01-02 10:21:27,880 : INFO : EventManager : Event: ======'machine_var_audits_missing_switches_s_upper_kicker'====== Args={'value': 5, 'prev_value': None, 'change': True}
2026-01-02 10:21:27,880 : INFO : EventManager : Event: ======'machine_var_audits_missing_switches_s_upper_left_standup'====== Args={'value': 5, 'prev_value': None, 'change': True}
2026-01-02 10:21:27,880 : INFO : EventManager : Event: ======'machine_var_audits_player_score'====== Args={'value': {'average': 0, 'top': [], 'total': 0}, 'prev_value': None, 'change': True}
2026-01-02 10:21:27,880 : INFO : EventManager : Event: ======'machine_var_audits_shots_lord_d'====== Args={'value': 291, 'prev_value': None, 'change': True}
2026-01-02 10:21:27,880 : INFO : EventManager : Event: ======'machine_var_audits_switches_s_ball_roll_tilt'====== Args={'value': 0, 'prev_value': None, 'change': True}
2026-01-02 10:21:27,881 : INFO : EventManager : Event: ======'machine_var_audits_switches_s_coin_chute_center'====== Args={'value': 0, 'prev_value': None, 'change': True}
2026-01-02 10:21:27,881 : INFO : EventManager : Event: ======'machine_var_audits_switches_s_coin_chute_left'====== Args={'value': 0, 'prev_value': None, 'change': True}
2026-01-02 10:21:27,881 : INFO : EventManager : Event: ======'machine_var_audits_switches_s_coin_chute_right'====== Args={'value': 0, 'prev_value': None, 'change': True}
2026-01-02 10:21:27,881 : INFO : EventManager : Event: ======'machine_var_audits_switches_s_fivebank_drop_center'====== Args={'value': 0, 'prev_value': None, 'change': True}
2026-01-02 10:21:27,881 : INFO : EventManager : Event: ======'machine_var_audits_switches_s_fivebank_drop_left'====== Args={'value': 0, 'prev_value': None, 'change': True}
2026-01-02 10:21:27,881 : INFO : EventManager : Event: ======'machine_var_audits_switches_s_fivebank_drop_left_mid'====== Args={'value': 0, 'prev_value': None, 'change': True}
2026-01-02 10:21:27,881 : INFO : EventManager : Event: ======'machine_var_audits_switches_s_fivebank_drop_right'====== Args={'value': 0, 'prev_value': None, 'change': True}
2026-01-02 10:21:27,881 : INFO : EventManager : Event: ======'machine_var_audits_switches_s_fivebank_drop_right_mid'====== Args={'value': 0, 'prev_value': None, 'change': True}
2026-01-02 10:21:27,881 : INFO : EventManager : Event: ======'machine_var_audits_switches_s_high_score_reset'====== Args={'value': 0, 'prev_value': None, 'change': True}
2026-01-02 10:21:27,881 : INFO : EventManager : Event: ======'machine_var_audits_switches_s_left_ball_trough'====== Args={'value': 9, 'prev_value': None, 'change': True}
2026-01-02 10:21:27,881 : INFO : EventManager : Event: ======'machine_var_audits_switches_s_left_magnet_button'====== Args={'value': 5, 'prev_value': None, 'change': True}
2026-01-02 10:21:27,881 : INFO : EventManager : Event: ======'machine_var_audits_switches_s_left_outlane'====== Args={'value': 0, 'prev_value': None, 'change': True}
2026-01-02 10:21:27,882 : INFO : EventManager : Event: ======'machine_var_audits_switches_s_left_slingshot'====== Args={'value': 0, 'prev_value': None, 'change': True}
2026-01-02 10:21:27,882 : INFO : EventManager : Event: ======'machine_var_audits_switches_s_left_standup'====== Args={'value': 0, 'prev_value': None, 'change': True}
2026-01-02 10:21:27,882 : INFO : EventManager : Event: ======'machine_var_audits_switches_s_left_threebank_center'====== Args={'value': 0, 'prev_value': None, 'change': True}
2026-01-02 10:21:27,882 : INFO : EventManager : Event: ======'machine_var_audits_switches_s_left_threebank_lower'====== Args={'value': 0, 'prev_value': None, 'change': True}
2026-01-02 10:21:27,882 : INFO : EventManager : Event: ======'machine_var_audits_switches_s_left_threebank_upper'====== Args={'value': 0, 'prev_value': None, 'change': True}
2026-01-02 10:21:27,883 : INFO : EventManager : Event: ======'machine_var_audits_switches_s_lower_ball_popper'====== Args={'value': 86, 'prev_value': None, 'change': True}
2026-01-02 10:21:27,883 : INFO : EventManager : Event: ======'machine_var_audits_switches_s_one_target'====== Args={'value': 0, 'prev_value': None, 'change': True}
2026-01-02 10:21:27,883 : INFO : EventManager : Event: ======'machine_var_audits_switches_s_outhole'====== Args={'value': 14, 'prev_value': None, 'change': True}
2026-01-02 10:21:27,883 : INFO : EventManager : Event: ======'machine_var_audits_switches_s_playfield_entry_gate'====== Args={'value': 0, 'prev_value': None, 'change': True}
2026-01-02 10:21:27,883 : INFO : EventManager : Event: ======'machine_var_audits_switches_s_playfield_tilt'====== Args={'value': 0, 'prev_value': None, 'change': True}
2026-01-02 10:21:27,883 : INFO : EventManager : Event: ======'machine_var_audits_switches_s_plumb_bob_tilt'====== Args={'value': 0, 'prev_value': None, 'change': True}
2026-01-02 10:21:27,883 : INFO : EventManager : Event: ======'machine_var_audits_switches_s_right_ball_trough'====== Args={'value': 10, 'prev_value': None, 'change': True}
2026-01-02 10:21:27,883 : INFO : EventManager : Event: ======'machine_var_audits_switches_s_right_magnet_button'====== Args={'value': 5, 'prev_value': None, 'change': True}
2026-01-02 10:21:27,883 : INFO : EventManager : Event: ======'machine_var_audits_switches_s_right_outlane'====== Args={'value': 0, 'prev_value': None, 'change': True}
2026-01-02 10:21:27,883 : INFO : EventManager : Event: ======'machine_var_audits_switches_s_right_slingshot'====== Args={'value': 0, 'prev_value': None, 'change': True}
2026-01-02 10:21:27,883 : INFO : EventManager : Event: ======'machine_var_audits_switches_s_right_standup'====== Args={'value': 0, 'prev_value': None, 'change': True}
2026-01-02 10:21:27,883 : INFO : EventManager : Event: ======'machine_var_audits_switches_s_right_threebank_center'====== Args={'value': 0, 'prev_value': None, 'change': True}
2026-01-02 10:21:27,884 : INFO : EventManager : Event: ======'machine_var_audits_switches_s_right_threebank_lower'====== Args={'value': 0, 'prev_value': None, 'change': True}
2026-01-02 10:21:27,884 : INFO : EventManager : Event: ======'machine_var_audits_switches_s_right_threebank_upper'====== Args={'value': 0, 'prev_value': None, 'change': True}
2026-01-02 10:21:27,884 : INFO : EventManager : Event: ======'machine_var_audits_switches_s_rollover_4'====== Args={'value': 0, 'prev_value': None, 'change': True}
2026-01-02 10:21:27,884 : INFO : EventManager : Event: ======'machine_var_audits_switches_s_rollover_5'====== Args={'value': 0, 'prev_value': None, 'change': True}
2026-01-02 10:21:27,884 : INFO : EventManager : Event: ======'machine_var_audits_switches_s_rollover_d'====== Args={'value': 806, 'prev_value': None, 'change': True}
2026-01-02 10:21:27,884 : INFO : EventManager : Event: ======'machine_var_audits_switches_s_rollover_l'====== Args={'value': 0, 'prev_value': None, 'change': True}
2026-01-02 10:21:27,884 : INFO : EventManager : Event: ======'machine_var_audits_switches_s_rollover_o'====== Args={'value': 0, 'prev_value': None, 'change': True}
2026-01-02 10:21:27,884 : INFO : EventManager : Event: ======'machine_var_audits_switches_s_rollover_r'====== Args={'value': 2, 'prev_value': None, 'change': True}
2026-01-02 10:21:27,884 : INFO : EventManager : Event: ======'machine_var_audits_switches_s_shooter_lane'====== Args={'value': 26, 'prev_value': None, 'change': True}
2026-01-02 10:21:27,884 : INFO : EventManager : Event: ======'machine_var_audits_switches_s_slam_tilt'====== Args={'value': 0, 'prev_value': None, 'change': True}
2026-01-02 10:21:27,884 : INFO : EventManager : Event: ======'machine_var_audits_switches_s_start_button'====== Args={'value': 0, 'prev_value': None, 'change': True}
2026-01-02 10:21:27,884 : INFO : EventManager : Event: ======'machine_var_audits_switches_s_three_target'====== Args={'value': 0, 'prev_value': None, 'change': True}
2026-01-02 10:21:27,884 : INFO : EventManager : Event: ======'machine_var_audits_switches_s_turnaround_lower_rollover'====== Args={'value': 0, 'prev_value': None, 'change': True}
2026-01-02 10:21:27,885 : INFO : EventManager : Event: ======'machine_var_audits_switches_s_turnaround_upper_rollover'====== Args={'value': 0, 'prev_value': None, 'change': True}
2026-01-02 10:21:27,885 : INFO : EventManager : Event: ======'machine_var_audits_switches_s_two_target'====== Args={'value': 0, 'prev_value': None, 'change': True}
2026-01-02 10:21:27,885 : INFO : EventManager : Event: ======'machine_var_audits_switches_s_unused_11'====== Args={'value': 0, 'prev_value': None, 'change': True}
2026-01-02 10:21:27,885 : INFO : EventManager : Event: ======'machine_var_audits_switches_s_unused_48'====== Args={'value': 0, 'prev_value': None, 'change': True}
2026-01-02 10:21:27,885 : INFO : EventManager : Event: ======'machine_var_audits_switches_s_unused_51'====== Args={'value': 0, 'prev_value': None, 'change': True}
2026-01-02 10:21:27,885 : INFO : EventManager : Event: ======'machine_var_audits_switches_s_unused_52'====== Args={'value': 0, 'prev_value': None, 'change': True}
2026-01-02 10:21:27,885 : INFO : EventManager : Event: ======'machine_var_audits_switches_s_unused_53'====== Args={'value': 0, 'prev_value': None, 'change': True}
2026-01-02 10:21:27,885 : INFO : EventManager : Event: ======'machine_var_audits_switches_s_unused_54'====== Args={'value': 0, 'prev_value': None, 'change': True}
2026-01-02 10:21:27,885 : INFO : EventManager : Event: ======'machine_var_audits_switches_s_unused_55'====== Args={'value': 0, 'prev_value': None, 'change': True}
2026-01-02 10:21:27,885 : INFO : EventManager : Event: ======'machine_var_audits_switches_s_unused_56'====== Args={'value': 0, 'prev_value': None, 'change': True}
2026-01-02 10:21:27,885 : INFO : EventManager : Event: ======'machine_var_audits_switches_s_unused_57'====== Args={'value': 0, 'prev_value': None, 'change': True}
2026-01-02 10:21:27,885 : INFO : EventManager : Event: ======'machine_var_audits_switches_s_unused_58'====== Args={'value': 0, 'prev_value': None, 'change': True}
2026-01-02 10:21:27,886 : INFO : EventManager : Event: ======'machine_var_audits_switches_s_unused_59'====== Args={'value': 0, 'prev_value': None, 'change': True}
2026-01-02 10:21:27,886 : INFO : EventManager : Event: ======'machine_var_audits_switches_s_unused_60'====== Args={'value': 0, 'prev_value': None, 'change': True}
2026-01-02 10:21:27,886 : INFO : EventManager : Event: ======'machine_var_audits_switches_s_unused_61'====== Args={'value': 0, 'prev_value': None, 'change': True}
2026-01-02 10:21:27,886 : INFO : EventManager : Event: ======'machine_var_audits_switches_s_unused_62'====== Args={'value': 0, 'prev_value': None, 'change': True}
2026-01-02 10:21:27,886 : INFO : EventManager : Event: ======'machine_var_audits_switches_s_unused_63'====== Args={'value': 0, 'prev_value': None, 'change': True}
2026-01-02 10:21:27,886 : INFO : EventManager : Event: ======'machine_var_audits_switches_s_unused_64'====== Args={'value': 0, 'prev_value': None, 'change': True}
2026-01-02 10:21:27,886 : INFO : EventManager : Event: ======'machine_var_audits_switches_s_upper_ball_popper'====== Args={'value': 0, 'prev_value': None, 'change': True}
2026-01-02 10:21:27,886 : INFO : EventManager : Event: ======'machine_var_audits_switches_s_upper_kicker'====== Args={'value': 0, 'prev_value': None, 'change': True}
2026-01-02 10:21:27,886 : INFO : EventManager : Event: ======'machine_var_audits_switches_s_upper_left_standup'====== Args={'value': 0, 'prev_value': None, 'change': True}
2026-01-02 10:21:27,887 : INFO : EventManager : Event: ======'init_phase_5'====== Args={}
2026-01-02 10:21:27,888 : INFO : EventManager : Event: ======'init_done'====== Args={}
2026-01-02 10:21:27,892 : INFO : EventManager : Event: ======'machine_reset_phase_1'====== Args={}
2026-01-02 10:21:27,904 : INFO : EventManager : Event: ======'machine_reset_phase_2'====== Args={}
2026-01-02 10:21:27,904 : INFO : EventManager : Event: ======'machine_reset_phase_3'====== Args={}
2026-01-02 10:21:27,904 : INFO : drop_target_bank.right_threebank : All targets are already up. Will not reset bank.
2026-01-02 10:21:27,904 : INFO : drop_target_bank.left_threebank : All targets are already up. Will not reset bank.
2026-01-02 10:21:27,904 : INFO : drop_target_bank.fivebank_inline : All targets are already up. Will not reset bank.
2026-01-02 10:21:27,905 : INFO : EventManager : Event: ======'reset_complete'====== Args={}
2026-01-02 10:21:27,905 : INFO : EventManager : Event: ======'mode_attract_will_start'====== Args={}
2026-01-02 10:21:27,905 : INFO : EventManager : Event: ======'mode_attract_starting'====== Args={}
2026-01-02 10:21:27,906 : INFO : Mode.attract : Started. Priority: 10
2026-01-02 10:21:27,906 : INFO : EventManager : Event: ======'modes_active_modes_changed'====== Args={}
2026-01-02 10:21:27,906 : INFO : EventManager : Event: ======'mode_attract_started'====== Args={}
2026-01-02 10:21:27,907 : INFO : EventManager : Event: ======'collecting_balls_complete'====== Args={}
2026-01-02 10:21:27,908 : INFO : Machine : Starting the main run loop with active modes: [<Mode.attract>]
2026-01-02 10:21:27,923 : INFO : EventManager : Event: ======'slide_attract_created'====== Args={'_from_bcp': True}
2026-01-02 10:21:27,964 : INFO : EventManager : Event: ======'slide__removed'====== Args={'_from_bcp': True}
2026-01-02 10:21:27,964 : INFO : EventManager : Event: ======'slide_attract_active'====== Args={'original_context': 'attract', 'original_calling_context': 'mode_attract_started', 'priority': 10.0, 'cmd': 'slides_play', '_from_bcp': True}
2026-01-02 10:22:22,416 : WARNING : SwitchController : Received duplicate switch state 0 for switch s_right_threebank_upper from the platform interface. Log Code: Log-SwitchController-1 (https://missionpinball.org/logs)
2026-01-02 10:22:25,465 : INFO : Machine : Shutting down...
2026-01-02 10:22:25,465 : INFO : EventManager : Event: ======'shutdown'====== Args={}
2026-01-02 10:22:25,469 : INFO : root : MPF run loop ended.
